
D:\Development\ionwc\map\node_modules\uws>if not defined npm_config_node_gyp (node "C:\Program Files\nodejs\node_modules\npm\node_modules\npm-lifecycle\node-gyp-bin\\..\..\node_modules\node-gyp\bin\node-gyp.js" rebuild )  else (node "C:\Program Files\nodejs\node_modules\npm\node_modules\node-gyp\bin\node-gyp.js" rebuild ) 
Building the projects in this solution one at a time. To enable parallel build, please add the "/m" switch.
C:\Program Files\nodejs\node_modules\npm\node_modules\node-gyp\src\win_delay_load_hook.cc(34): error C4430: missing type specifier - int assumed. Note: C++ does not support default-int [D:\Development\ionwc\map\node_modules\uws\build\binding.sln]
C:\Program Files\nodejs\node_modules\npm\node_modules\node-gyp\src\win_delay_load_hook.cc(34): error C2440: 'initializing' : cannot convert from 'PfnDliHook' to 'int' [D:\Development\ionwc\map\node_modules\uws\build\binding.sln]
C:\Program Files\nodejs\node_modules\npm\node_modules\node-gyp\src\win_delay_load_hook.cc(34): error C2146: syntax error : missing ';' before identifier '__pfnDliNotifyHook2' [D:\Development\ionwc\map\node_modules\uws\build\binding.sln]
C:\Program Files\nodejs\node_modules\npm\node_modules\node-gyp\src\win_delay_load_hook.cc(34): error C4430: missing type specifier - int assumed. Note: C++ does not support default-int [D:\Development\ionwc\map\node_modules\uws\build\binding.sln]
C:\Program Files\nodejs\node_modules\npm\node_modules\node-gyp\src\win_delay_load_hook.cc(34): error C2373: '__pfnDliNotifyHook2' : redefinition; different type modifiers [D:\Development\ionwc\map\node_modules\uws\build\binding.sln]
C:\Program Files\nodejs\node_modules\npm\node_modules\node-gyp\src\win_delay_load_hook.cc(34): error C2440: 'initializing' : cannot convert from 'FARPROC (__cdecl *)(unsigned int,DelayLoadInfo *)' to 'int' [D:\Development\ionwc\map\node_modules\uws\build\binding.sln]
d:\development\ionwc\map\node_modules\uws\src\Libuv.h(5): error C4430: missing type specifier - int assumed. Note: C++ does not support default-int [D:\Development\ionwc\map\node_modules\uws\build\binding.sln]
d:\development\ionwc\map\node_modules\uws\src\Libuv.h(5): error C4430: missing type specifier - int assumed. Note: C++ does not support default-int [D:\Development\ionwc\map\node_modules\uws\build\binding.sln]
d:\development\ionwc\map\node_modules\uws\src\Libuv.h(5): error C4430: missing type specifier - int assumed. Note: C++ does not support default-int [D:\Development\ionwc\map\node_modules\uws\build\binding.sln]
d:\development\ionwc\map\node_modules\uws\src\Libuv.h(5): error C2078: too many initializers [D:\Development\ionwc\map\node_modules\uws\build\binding.sln]
d:\development\ionwc\map\node_modules\uws\src\Libuv.h(5): error C2078: too many initializers [D:\Development\ionwc\map\node_modules\uws\build\binding.sln]
d:\development\ionwc\map\node_modules\uws\src\Libuv.h(5): error C4430: missing type specifier - int assumed. Note: C++ does not support default-int [D:\Development\ionwc\map\node_modules\uws\build\binding.sln]
d:\development\ionwc\map\node_modules\uws\src\Libuv.h(5): error C2078: too many initializers [D:\Development\ionwc\map\node_modules\uws\build\binding.sln]
d:\development\ionwc\map\node_modules\uws\src\Libuv.h(5): error C2440: 'initializing' : cannot convert from 'const char [36]' to 'int' [D:\Development\ionwc\map\node_modules\uws\build\binding.sln]
d:\development\ionwc\map\node_modules\uws\src\Libuv.h(5): error C2440: 'initializing' : cannot convert from 'const char [36]' to 'int' [D:\Development\ionwc\map\node_modules\uws\build\binding.sln]
d:\development\ionwc\map\node_modules\uws\src\Libuv.h(5): error C2078: too many initializers [D:\Development\ionwc\map\node_modules\uws\build\binding.sln]
d:\development\ionwc\map\node_modules\uws\src\Libuv.h(5): error C2440: 'initializing' : cannot convert from 'const char [36]' to 'int' [D:\Development\ionwc\map\node_modules\uws\build\binding.sln]
d:\development\ionwc\map\node_modules\uws\src\Libuv.h(45): error C2958: the left parenthesis '(' found at 'd:\development\ionwc\map\node_modules\uws\src\libuv.h(43)' was not matched correctly [D:\Development\ionwc\map\node_modules\uws\build\binding.sln]
d:\development\ionwc\map\node_modules\uws\src\Libuv.h(45): error C2958: the left parenthesis '(' found at 'd:\development\ionwc\map\node_modules\uws\src\libuv.h(43)' was not matched correctly [D:\Development\ionwc\map\node_modules\uws\build\binding.sln]
d:\development\ionwc\map\node_modules\uws\src\Libuv.h(5): error C2440: 'initializing' : cannot convert from 'const char [36]' to 'int' [D:\Development\ionwc\map\node_modules\uws\build\binding.sln]
d:\development\ionwc\map\node_modules\uws\src\Libuv.h(5): error C4430: missing type specifier - int assumed. Note: C++ does not support default-int [D:\Development\ionwc\map\node_modules\uws\build\binding.sln]
d:\development\ionwc\map\node_modules\uws\src\Libuv.h(45): error C2958: the left parenthesis '(' found at 'd:\development\ionwc\map\node_modules\uws\src\libuv.h(43)' was not matched correctly [D:\Development\ionwc\map\node_modules\uws\build\binding.sln]
d:\development\ionwc\map\node_modules\uws\src\Libuv.h(45): error C2059: syntax error : ')' [D:\Development\ionwc\map\node_modules\uws\build\binding.sln]
d:\development\ionwc\map\node_modules\uws\src\Libuv.h(45): error C2059: syntax error : ')' [D:\Development\ionwc\map\node_modules\uws\build\binding.sln]
d:\development\ionwc\map\node_modules\uws\src\Libuv.h(5): error C2078: too many initializers [D:\Development\ionwc\map\node_modules\uws\build\binding.sln]
d:\development\ionwc\map\node_modules\uws\src\Libuv.h(45): error C2059: syntax error : ')' [D:\Development\ionwc\map\node_modules\uws\build\binding.sln]
d:\development\ionwc\map\node_modules\uws\src\Libuv.h(48): error C2628: 'Async' followed by 'void' is illegal (did you forget a ';'?) [D:\Development\ionwc\map\node_modules\uws\build\binding.sln]
d:\development\ionwc\map\node_modules\uws\src\Libuv.h(48): error C2628: 'Async' followed by 'void' is illegal (did you forget a ';'?) [D:\Development\ionwc\map\node_modules\uws\build\binding.sln]
d:\development\ionwc\map\node_modules\uws\src\Libuv.h(5): error C2440: 'initializing' : cannot convert from 'const char [36]' to 'int' [D:\Development\ionwc\map\node_modules\uws\build\binding.sln]
d:\development\ionwc\map\node_modules\uws\src\Libuv.h(45): error C2958: the left parenthesis '(' found at 'd:\development\ionwc\map\node_modules\uws\src\libuv.h(43)' was not matched correctly [D:\Development\ionwc\map\node_modules\uws\build\binding.sln]
d:\development\ionwc\map\node_modules\uws\src\Libuv.h(48): error C2628: 'Async' followed by 'void' is illegal (did you forget a ';'?) [D:\Development\ionwc\map\node_modules\uws\build\binding.sln]
d:\development\ionwc\map\node_modules\uws\src\Libuv.h(49): error C2065: 'uv_async' : undeclared identifier [D:\Development\ionwc\map\node_modules\uws\build\binding.sln]
d:\development\ionwc\map\node_modules\uws\src\Libuv.h(49): error C2065: 'uv_async' : undeclared identifier [D:\Development\ionwc\map\node_modules\uws\build\binding.sln]
d:\development\ionwc\map\node_modules\uws\src\Libuv.h(45): error C2059: syntax error : ')' [D:\Development\ionwc\map\node_modules\uws\build\binding.sln]
d:\development\ionwc\map\node_modules\uws\src\Libuv.h(49): error C2065: 'uv_async' : undeclared identifier [D:\Development\ionwc\map\node_modules\uws\build\binding.sln]
d:\development\ionwc\map\node_modules\uws\src\Libuv.h(49): error C2228: left of '.data' must have class/struct/union [D:\Development\ionwc\map\node_modules\uws\build\binding.sln]
d:\development\ionwc\map\node_modules\uws\src\Libuv.h(49): error C2228: left of '.data' must have class/struct/union [D:\Development\ionwc\map\node_modules\uws\build\binding.sln]
d:\development\ionwc\map\node_modules\uws\src\Libuv.h(48): error C2628: 'Async' followed by 'void' is illegal (did you forget a ';'?) [D:\Development\ionwc\map\node_modules\uws\build\binding.sln]
d:\development\ionwc\map\node_modules\uws\src\Libuv.h(49): error C2228: left of '.data' must have class/struct/union [D:\Development\ionwc\map\node_modules\uws\build\binding.sln]
d:\development\ionwc\map\node_modules\uws\src\Libuv.h(45): error C2958: the left parenthesis '(' found at 'd:\development\ionwc\map\node_modules\uws\src\libuv.h(43)' was not matched correctly [D:\Development\ionwc\map\node_modules\uws\build\binding.sln]
d:\development\ionwc\map\node_modules\uws\src\Libuv.h(43): error C2059: syntax error : '[' [D:\Development\ionwc\map\node_modules\uws\build\binding.sln]
d:\development\ionwc\map\node_modules\uws\src\Libuv.h(43): error C2059: syntax error : '[' [D:\Development\ionwc\map\node_modules\uws\build\binding.sln]
d:\development\ionwc\map\node_modules\uws\src\Libuv.h(49): error C2065: 'uv_async' : undeclared identifier [D:\Development\ionwc\map\node_modules\uws\build\binding.sln]
d:\development\ionwc\map\node_modules\uws\src\Libuv.h(43): error C2059: syntax error : '[' [D:\Development\ionwc\map\node_modules\uws\build\binding.sln]
d:\development\ionwc\map\node_modules\uws\src\Libuv.h(45): error C2059: syntax error : ')' [D:\Development\ionwc\map\node_modules\uws\build\binding.sln]
d:\development\ionwc\map\node_modules\uws\src\Libuv.h(43): error C2143: syntax error : missing ')' before '{' [D:\Development\ionwc\map\node_modules\uws\build\binding.sln]
d:\development\ionwc\map\node_modules\uws\src\Libuv.h(43): error C2143: syntax error : missing ')' before '{' [D:\Development\ionwc\map\node_modules\uws\build\binding.sln]
d:\development\ionwc\map\node_modules\uws\src\Libuv.h(49): error C2228: left of '.data' must have class/struct/union [D:\Development\ionwc\map\node_modules\uws\build\binding.sln]
d:\development\ionwc\map\node_modules\uws\src\Libuv.h(43): error C2143: syntax error : missing ')' before '{' [D:\Development\ionwc\map\node_modules\uws\build\binding.sln]
d:\development\ionwc\map\node_modules\uws\src\Libuv.h(48): error C2628: 'Async' followed by 'void' is illegal (did you forget a ';'?) [D:\Development\ionwc\map\node_modules\uws\build\binding.sln]
d:\development\ionwc\map\node_modules\uws\src\Libuv.h(43): error C2143: syntax error : missing ';' before '{' [D:\Development\ionwc\map\node_modules\uws\build\binding.sln]
d:\development\ionwc\map\node_modules\uws\src\Libuv.h(43): error C2143: syntax error : missing ';' before '{' [D:\Development\ionwc\map\node_modules\uws\build\binding.sln]
d:\development\ionwc\map\node_modules\uws\src\Libuv.h(43): error C2143: syntax error : missing ';' before '{' [D:\Development\ionwc\map\node_modules\uws\build\binding.sln]
d:\development\ionwc\map\node_modules\uws\src\Libuv.h(49): error C2065: 'uv_async' : undeclared identifier [D:\Development\ionwc\map\node_modules\uws\build\binding.sln]
d:\development\ionwc\map\node_modules\uws\src\Libuv.h(44): error C2065: 'a' : undeclared identifier [D:\Development\ionwc\map\node_modules\uws\build\binding.sln]
d:\development\ionwc\map\node_modules\uws\src\Libuv.h(43): error C2059: syntax error : '[' [D:\Development\ionwc\map\node_modules\uws\build\binding.sln]
d:\development\ionwc\map\node_modules\uws\src\Libuv.h(44): error C2065: 'a' : undeclared identifier [D:\Development\ionwc\map\node_modules\uws\build\binding.sln]
d:\development\ionwc\map\node_modules\uws\src\Libuv.h(44): error C2065: 'a' : undeclared identifier [D:\Development\ionwc\map\node_modules\uws\build\binding.sln]
d:\development\ionwc\map\node_modules\uws\src\Libuv.h(49): error C2228: left of '.data' must have class/struct/union [D:\Development\ionwc\map\node_modules\uws\build\binding.sln]
d:\development\ionwc\map\node_modules\uws\src\Libuv.h(44): error C2541: 'delete' : cannot delete objects that are not pointers [D:\Development\ionwc\map\node_modules\uws\build\binding.sln]
d:\development\ionwc\map\node_modules\uws\src\Libuv.h(43): error C2143: syntax error : missing ')' before '{' [D:\Development\ionwc\map\node_modules\uws\build\binding.sln]
d:\development\ionwc\map\node_modules\uws\src\Libuv.h(44): error C2541: 'delete' : cannot delete objects that are not pointers [D:\Development\ionwc\map\node_modules\uws\build\binding.sln]
d:\development\ionwc\map\node_modules\uws\src\Libuv.h(44): error C2541: 'delete' : cannot delete objects that are not pointers [D:\Development\ionwc\map\node_modules\uws\build\binding.sln]
d:\development\ionwc\map\node_modules\uws\src\Libuv.h(53): error C2065: 'uv_async' : undeclared identifier [D:\Development\ionwc\map\node_modules\uws\build\binding.sln]
d:\development\ionwc\map\node_modules\uws\src\Libuv.h(43): error C2143: syntax error : missing ';' before '{' [D:\Development\ionwc\map\node_modules\uws\build\binding.sln]
d:\development\ionwc\map\node_modules\uws\src\Libuv.h(43): error C2059: syntax error : '[' [D:\Development\ionwc\map\node_modules\uws\build\binding.sln]
d:\development\ionwc\map\node_modules\uws\src\Libuv.h(53): error C2065: 'uv_async' : undeclared identifier [D:\Development\ionwc\map\node_modules\uws\build\binding.sln]
d:\development\ionwc\map\node_modules\uws\src\Libuv.h(53): error C2065: 'uv_async' : undeclared identifier [D:\Development\ionwc\map\node_modules\uws\build\binding.sln]
d:\development\ionwc\map\node_modules\uws\src\Libuv.h(53): error C2228: left of '.data' must have class/struct/union [D:\Development\ionwc\map\node_modules\uws\build\binding.sln]
d:\development\ionwc\map\node_modules\uws\src\Libuv.h(44): error C2065: 'a' : undeclared identifier [D:\Development\ionwc\map\node_modules\uws\build\binding.sln]
d:\development\ionwc\map\node_modules\uws\src\Libuv.h(43): error C2143: syntax error : missing ')' before '{' [D:\Development\ionwc\map\node_modules\uws\build\binding.sln]
d:\development\ionwc\map\node_modules\uws\src\Libuv.h(53): error C2228: left of '.data' must have class/struct/union [D:\Development\ionwc\map\node_modules\uws\build\binding.sln]
d:\development\ionwc\map\node_modules\uws\src\Libuv.h(53): error C2228: left of '.data' must have class/struct/union [D:\Development\ionwc\map\node_modules\uws\build\binding.sln]
d:\development\ionwc\map\node_modules\uws\src\Libuv.h(55): error C2059: syntax error : '}' [D:\Development\ionwc\map\node_modules\uws\build\binding.sln]
d:\development\ionwc\map\node_modules\uws\src\Libuv.h(44): error C2541: 'delete' : cannot delete objects that are not pointers [D:\Development\ionwc\map\node_modules\uws\build\binding.sln]
d:\development\ionwc\map\node_modules\uws\src\Libuv.h(43): error C2143: syntax error : missing ';' before '{' [D:\Development\ionwc\map\node_modules\uws\build\binding.sln]
d:\development\ionwc\map\node_modules\uws\src\Libuv.h(55): error C2059: syntax error : '}' [D:\Development\ionwc\map\node_modules\uws\build\binding.sln]
d:\development\ionwc\map\node_modules\uws\src\Libuv.h(55): error C2059: syntax error : '}' [D:\Development\ionwc\map\node_modules\uws\build\binding.sln]
d:\development\ionwc\map\node_modules\uws\src\Libuv.h(55): error C2143: syntax error : missing ';' before '}' [D:\Development\ionwc\map\node_modules\uws\build\binding.sln]
d:\development\ionwc\map\node_modules\uws\src\Libuv.h(53): error C2065: 'uv_async' : undeclared identifier [D:\Development\ionwc\map\node_modules\uws\build\binding.sln]
d:\development\ionwc\map\node_modules\uws\src\Libuv.h(44): error C2065: 'a' : undeclared identifier [D:\Development\ionwc\map\node_modules\uws\build\binding.sln]
d:\development\ionwc\map\node_modules\uws\src\Libuv.h(55): error C2143: syntax error : missing ';' before '}' [D:\Development\ionwc\map\node_modules\uws\build\binding.sln]
d:\development\ionwc\map\node_modules\uws\src\Libuv.h(55): error C2143: syntax error : missing ';' before '}' [D:\Development\ionwc\map\node_modules\uws\build\binding.sln]
d:\development\ionwc\map\node_modules\uws\src\Libuv.h(55): error C2059: syntax error : '}' [D:\Development\ionwc\map\node_modules\uws\build\binding.sln]
d:\development\ionwc\map\node_modules\uws\src\Libuv.h(53): error C2228: left of '.data' must have class/struct/union [D:\Development\ionwc\map\node_modules\uws\build\binding.sln]
d:\development\ionwc\map\node_modules\uws\src\Libuv.h(44): error C2541: 'delete' : cannot delete objects that are not pointers [D:\Development\ionwc\map\node_modules\uws\build\binding.sln]
d:\development\ionwc\map\node_modules\uws\src\Libuv.h(55): error C2059: syntax error : '}' [D:\Development\ionwc\map\node_modules\uws\build\binding.sln]
d:\development\ionwc\map\node_modules\uws\src\Libuv.h(55): error C2059: syntax error : '}' [D:\Development\ionwc\map\node_modules\uws\build\binding.sln]
d:\development\ionwc\map\node_modules\uws\src\Libuv.h(55): error C2059: syntax error : '}' [D:\Development\ionwc\map\node_modules\uws\build\binding.sln]
d:\development\ionwc\map\node_modules\uws\src\Libuv.h(83): error C2958: the left parenthesis '(' found at 'd:\development\ionwc\map\node_modules\uws\src\libuv.h(81)' was not matched correctly [D:\Development\ionwc\map\node_modules\uws\build\binding.sln]
d:\development\ionwc\map\node_modules\uws\src\Libuv.h(53): error C2065: 'uv_async' : undeclared identifier [D:\Development\ionwc\map\node_modules\uws\build\binding.sln]
d:\development\ionwc\map\node_modules\uws\src\Libuv.h(83): error C2958: the left parenthesis '(' found at 'd:\development\ionwc\map\node_modules\uws\src\libuv.h(81)' was not matched correctly [D:\Development\ionwc\map\node_modules\uws\build\binding.sln]
d:\development\ionwc\map\node_modules\uws\src\Libuv.h(83): error C2958: the left parenthesis '(' found at 'd:\development\ionwc\map\node_modules\uws\src\libuv.h(81)' was not matched correctly [D:\Development\ionwc\map\node_modules\uws\build\binding.sln]
d:\development\ionwc\map\node_modules\uws\src\Libuv.h(55): error C2143: syntax error : missing ';' before '}' [D:\Development\ionwc\map\node_modules\uws\build\binding.sln]
d:\development\ionwc\map\node_modules\uws\src\Libuv.h(83): error C2059: syntax error : ')' [D:\Development\ionwc\map\node_modules\uws\build\binding.sln]
d:\development\ionwc\map\node_modules\uws\src\Libuv.h(53): error C2228: left of '.data' must have class/struct/union [D:\Development\ionwc\map\node_modules\uws\build\binding.sln]
d:\development\ionwc\map\node_modules\uws\src\Libuv.h(83): error C2059: syntax error : ')' [D:\Development\ionwc\map\node_modules\uws\build\binding.sln]
d:\development\ionwc\map\node_modules\uws\src\Libuv.h(5): error C4430: missing type specifier - int assumed. Note: C++ does not support default-int [D:\Development\ionwc\map\node_modules\uws\build\binding.sln]
d:\development\ionwc\map\node_modules\uws\src\Libuv.h(83): error C2059: syntax error : ')' [D:\Development\ionwc\map\node_modules\uws\build\binding.sln]
d:\development\ionwc\map\node_modules\uws\src\Libuv.h(55): error C2059: syntax error : '}' [D:\Development\ionwc\map\node_modules\uws\build\binding.sln]
d:\development\ionwc\map\node_modules\uws\src\Libuv.h(86): error C2059: syntax error : 'private' [D:\Development\ionwc\map\node_modules\uws\build\binding.sln]
d:\development\ionwc\map\node_modules\uws\src\Libuv.h(55): error C2059: syntax error : '}' [D:\Development\ionwc\map\node_modules\uws\build\binding.sln]
d:\development\ionwc\map\node_modules\uws\src\Libuv.h(86): error C2059: syntax error : 'private' [D:\Development\ionwc\map\node_modules\uws\build\binding.sln]
d:\development\ionwc\map\node_modules\uws\src\Libuv.h(5): error C2078: too many initializers [D:\Development\ionwc\map\node_modules\uws\build\binding.sln]
d:\development\ionwc\map\node_modules\uws\src\Libuv.h(86): error C2059: syntax error : 'private' [D:\Development\ionwc\map\node_modules\uws\build\binding.sln]
d:\development\ionwc\map\node_modules\uws\src\Libuv.h(86): error C2143: syntax error : missing ';' before ':' [D:\Development\ionwc\map\node_modules\uws\build\binding.sln]
d:\development\ionwc\map\node_modules\uws\src\Libuv.h(55): error C2143: syntax error : missing ';' before '}' [D:\Development\ionwc\map\node_modules\uws\build\binding.sln]
d:\development\ionwc\map\node_modules\uws\src\Libuv.h(86): error C2143: syntax error : missing ';' before ':' [D:\Development\ionwc\map\node_modules\uws\build\binding.sln]
d:\development\ionwc\map\node_modules\uws\src\Libuv.h(83): error C2958: the left parenthesis '(' found at 'd:\development\ionwc\map\node_modules\uws\src\libuv.h(81)' was not matched correctly [D:\Development\ionwc\map\node_modules\uws\build\binding.sln]
d:\development\ionwc\map\node_modules\uws\src\Libuv.h(5): error C2440: 'initializing' : cannot convert from 'const char [36]' to 'int' [D:\Development\ionwc\map\node_modules\uws\build\binding.sln]
d:\development\ionwc\map\node_modules\uws\src\Libuv.h(86): error C2143: syntax error : missing ';' before ':' [D:\Development\ionwc\map\node_modules\uws\build\binding.sln]
d:\development\ionwc\map\node_modules\uws\src\Libuv.h(86): error C2059: syntax error : ':' [D:\Development\ionwc\map\node_modules\uws\build\binding.sln]
d:\development\ionwc\map\node_modules\uws\src\Libuv.h(55): error C2059: syntax error : '}' [D:\Development\ionwc\map\node_modules\uws\build\binding.sln]
d:\development\ionwc\map\node_modules\uws\src\Libuv.h(86): error C2059: syntax error : ':' [D:\Development\ionwc\map\node_modules\uws\build\binding.sln]
d:\development\ionwc\map\node_modules\uws\src\Libuv.h(83): error C2059: syntax error : ')' [D:\Development\ionwc\map\node_modules\uws\build\binding.sln]
d:\development\ionwc\map\node_modules\uws\src\Libuv.h(86): error C2059: syntax error : ':' [D:\Development\ionwc\map\node_modules\uws\build\binding.sln]
d:\development\ionwc\map\node_modules\uws\src\Libuv.h(83): error C2958: the left parenthesis '(' found at 'd:\development\ionwc\map\node_modules\uws\src\libuv.h(81)' was not matched correctly [D:\Development\ionwc\map\node_modules\uws\build\binding.sln]
d:\development\ionwc\map\node_modules\uws\src\Libuv.h(81): error C2059: syntax error : '[' [D:\Development\ionwc\map\node_modules\uws\build\binding.sln]
d:\development\ionwc\map\node_modules\uws\src\Libuv.h(45): error C2958: the left parenthesis '(' found at 'd:\development\ionwc\map\node_modules\uws\src\libuv.h(43)' was not matched correctly [D:\Development\ionwc\map\node_modules\uws\build\binding.sln]
d:\development\ionwc\map\node_modules\uws\src\Libuv.h(86): error C2059: syntax error : 'private' [D:\Development\ionwc\map\node_modules\uws\build\binding.sln]
d:\development\ionwc\map\node_modules\uws\src\Libuv.h(81): error C2059: syntax error : '[' [D:\Development\ionwc\map\node_modules\uws\build\binding.sln]
d:\development\ionwc\map\node_modules\uws\src\Libuv.h(83): error C2059: syntax error : ')' [D:\Development\ionwc\map\node_modules\uws\build\binding.sln]
d:\development\ionwc\map\node_modules\uws\src\Libuv.h(81): error C2143: syntax error : missing ')' before '{' [D:\Development\ionwc\map\node_modules\uws\build\binding.sln]
d:\development\ionwc\map\node_modules\uws\src\Libuv.h(81): error C2059: syntax error : '[' [D:\Development\ionwc\map\node_modules\uws\build\binding.sln]
d:\development\ionwc\map\node_modules\uws\src\Libuv.h(45): error C2059: syntax error : ')' [D:\Development\ionwc\map\node_modules\uws\build\binding.sln]
d:\development\ionwc\map\node_modules\uws\src\Libuv.h(86): error C2143: syntax error : missing ';' before ':' [D:\Development\ionwc\map\node_modules\uws\build\binding.sln]
d:\development\ionwc\map\node_modules\uws\src\Libuv.h(81): error C2143: syntax error : missing ')' before '{' [D:\Development\ionwc\map\node_modules\uws\build\binding.sln]
d:\development\ionwc\map\node_modules\uws\src\Libuv.h(86): error C2059: syntax error : 'private' [D:\Development\ionwc\map\node_modules\uws\build\binding.sln]
d:\development\ionwc\map\node_modules\uws\src\Libuv.h(81): error C2143: syntax error : missing ';' before '{' [D:\Development\ionwc\map\node_modules\uws\build\binding.sln]
d:\development\ionwc\map\node_modules\uws\src\Libuv.h(81): error C2143: syntax error : missing ')' before '{' [D:\Development\ionwc\map\node_modules\uws\build\binding.sln]
d:\development\ionwc\map\node_modules\uws\src\Libuv.h(48): error C2628: 'Async' followed by 'void' is illegal (did you forget a ';'?) [D:\Development\ionwc\map\node_modules\uws\build\binding.sln]
d:\development\ionwc\map\node_modules\uws\src\Libuv.h(86): error C2059: syntax error : ':' [D:\Development\ionwc\map\node_modules\uws\build\binding.sln]
d:\development\ionwc\map\node_modules\uws\src\Libuv.h(5): error C4430: missing type specifier - int assumed. Note: C++ does not support default-int [D:\Development\ionwc\map\node_modules\uws\build\binding.sln]
d:\development\ionwc\map\node_modules\uws\src\Libuv.h(81): error C2143: syntax error : missing ';' before '{' [D:\Development\ionwc\map\node_modules\uws\build\binding.sln]
d:\development\ionwc\map\node_modules\uws\src\Libuv.h(86): error C2143: syntax error : missing ';' before ':' [D:\Development\ionwc\map\node_modules\uws\build\binding.sln]
d:\development\ionwc\map\node_modules\uws\src\Libuv.h(82): error C2065: 't' : undeclared identifier [D:\Development\ionwc\map\node_modules\uws\build\binding.sln]
d:\development\ionwc\map\node_modules\uws\src\Libuv.h(81): error C2143: syntax error : missing ';' before '{' [D:\Development\ionwc\map\node_modules\uws\build\binding.sln]
d:\development\ionwc\map\node_modules\uws\src\Libuv.h(49): error C2065: 'uv_async' : undeclared identifier [D:\Development\ionwc\map\node_modules\uws\build\binding.sln]
d:\development\ionwc\map\node_modules\uws\src\Libuv.h(5): error C2078: too many initializers [D:\Development\ionwc\map\node_modules\uws\build\binding.sln]
d:\development\ionwc\map\node_modules\uws\src\Libuv.h(82): error C2065: 't' : undeclared identifier [D:\Development\ionwc\map\node_modules\uws\build\binding.sln]
d:\development\ionwc\map\node_modules\uws\src\Libuv.h(86): error C2059: syntax error : ':' [D:\Development\ionwc\map\node_modules\uws\build\binding.sln]
d:\development\ionwc\map\node_modules\uws\src\Libuv.h(81): error C2059: syntax error : '[' [D:\Development\ionwc\map\node_modules\uws\build\binding.sln]
d:\development\ionwc\map\node_modules\uws\src\Libuv.h(82): error C2541: 'delete' : cannot delete objects that are not pointers [D:\Development\ionwc\map\node_modules\uws\build\binding.sln]
d:\development\ionwc\map\node_modules\uws\src\Libuv.h(82): error C2065: 't' : undeclared identifier [D:\Development\ionwc\map\node_modules\uws\build\binding.sln]
d:\development\ionwc\map\node_modules\uws\src\Libuv.h(49): error C2228: left of '.data' must have class/struct/union [D:\Development\ionwc\map\node_modules\uws\build\binding.sln]
d:\development\ionwc\map\node_modules\uws\src\Libuv.h(5): error C2440: 'initializing' : cannot convert from 'const char [36]' to 'int' [D:\Development\ionwc\map\node_modules\uws\build\binding.sln]
d:\development\ionwc\map\node_modules\uws\src\Libuv.h(82): error C2541: 'delete' : cannot delete objects that are not pointers [D:\Development\ionwc\map\node_modules\uws\build\binding.sln]
d:\development\ionwc\map\node_modules\uws\src\Libuv.h(81): error C2143: syntax error : missing ')' before '{' [D:\Development\ionwc\map\node_modules\uws\build\binding.sln]
d:\development\ionwc\map\node_modules\uws\src\Libuv.h(87): error C2588: '::~Timer' : illegal global destructor [D:\Development\ionwc\map\node_modules\uws\build\binding.sln]
d:\development\ionwc\map\node_modules\uws\src\Libuv.h(81): error C2059: syntax error : '[' [D:\Development\ionwc\map\node_modules\uws\build\binding.sln]
d:\development\ionwc\map\node_modules\uws\src\Libuv.h(82): error C2541: 'delete' : cannot delete objects that are not pointers [D:\Development\ionwc\map\node_modules\uws\build\binding.sln]
d:\development\ionwc\map\node_modules\uws\src\Libuv.h(43): error C2059: syntax error : '[' [D:\Development\ionwc\map\node_modules\uws\build\binding.sln]
d:\development\ionwc\map\node_modules\uws\src\Libuv.h(87): error C2588: '::~Timer' : illegal global destructor [D:\Development\ionwc\map\node_modules\uws\build\binding.sln]
d:\development\ionwc\map\node_modules\uws\src\Libuv.h(81): error C2143: syntax error : missing ';' before '{' [D:\Development\ionwc\map\node_modules\uws\build\binding.sln]
d:\development\ionwc\map\node_modules\uws\src\Libuv.h(87): error C4430: missing type specifier - int assumed. Note: C++ does not support default-int [D:\Development\ionwc\map\node_modules\uws\build\binding.sln]
d:\development\ionwc\map\node_modules\uws\src\Libuv.h(81): error C2143: syntax error : missing ')' before '{' [D:\Development\ionwc\map\node_modules\uws\build\binding.sln]
d:\development\ionwc\map\node_modules\uws\src\Libuv.h(87): error C2588: '::~Timer' : illegal global destructor [D:\Development\ionwc\map\node_modules\uws\build\binding.sln]
d:\development\ionwc\map\node_modules\uws\src\Libuv.h(43): error C2143: syntax error : missing ')' before '{' [D:\Development\ionwc\map\node_modules\uws\build\binding.sln]
d:\development\ionwc\map\node_modules\uws\src\Libuv.h(45): error C2958: the left parenthesis '(' found at 'd:\development\ionwc\map\node_modules\uws\src\libuv.h(43)' was not matched correctly [D:\Development\ionwc\map\node_modules\uws\build\binding.sln]
d:\development\ionwc\map\node_modules\uws\src\Libuv.h(87): error C4430: missing type specifier - int assumed. Note: C++ does not support default-int [D:\Development\ionwc\map\node_modules\uws\build\binding.sln]
d:\development\ionwc\map\node_modules\uws\src\Libuv.h(82): error C2065: 't' : undeclared identifier [D:\Development\ionwc\map\node_modules\uws\build\binding.sln]
d:\development\ionwc\map\node_modules\uws\src\Libuv.h(89): warning C4508: 'Timer' : function should return a value; 'void' return type assumed [D:\Development\ionwc\map\node_modules\uws\build\binding.sln]
d:\development\ionwc\map\node_modules\uws\src\Libuv.h(81): error C2143: syntax error : missing ';' before '{' [D:\Development\ionwc\map\node_modules\uws\build\binding.sln]
d:\development\ionwc\map\node_modules\uws\src\Libuv.h(87): error C4430: missing type specifier - int assumed. Note: C++ does not support default-int [D:\Development\ionwc\map\node_modules\uws\build\binding.sln]
d:\development\ionwc\map\node_modules\uws\src\Libuv.h(43): error C2143: syntax error : missing ';' before '{' [D:\Development\ionwc\map\node_modules\uws\build\binding.sln]
d:\development\ionwc\map\node_modules\uws\src\Libuv.h(45): error C2059: syntax error : ')' [D:\Development\ionwc\map\node_modules\uws\build\binding.sln]
d:\development\ionwc\map\node_modules\uws\src\Libuv.h(89): warning C4508: 'Timer' : function should return a value; 'void' return type assumed [D:\Development\ionwc\map\node_modules\uws\build\binding.sln]
d:\development\ionwc\map\node_modules\uws\src\Libuv.h(82): error C2541: 'delete' : cannot delete objects that are not pointers [D:\Development\ionwc\map\node_modules\uws\build\binding.sln]
d:\development\ionwc\map\node_modules\uws\src\Libuv.h(90): error C2059: syntax error : '}' [D:\Development\ionwc\map\node_modules\uws\build\binding.sln]
d:\development\ionwc\map\node_modules\uws\src\Libuv.h(82): error C2065: 't' : undeclared identifier [D:\Development\ionwc\map\node_modules\uws\build\binding.sln]
d:\development\ionwc\map\node_modules\uws\src\Libuv.h(89): warning C4508: 'Timer' : function should return a value; 'void' return type assumed [D:\Development\ionwc\map\node_modules\uws\build\binding.sln]
d:\development\ionwc\map\node_modules\uws\src\Libuv.h(44): error C2065: 'a' : undeclared identifier [D:\Development\ionwc\map\node_modules\uws\build\binding.sln]
d:\development\ionwc\map\node_modules\uws\src\Libuv.h(48): error C2628: 'Async' followed by 'void' is illegal (did you forget a ';'?) [D:\Development\ionwc\map\node_modules\uws\build\binding.sln]
d:\development\ionwc\map\node_modules\uws\src\Libuv.h(90): error C2059: syntax error : '}' [D:\Development\ionwc\map\node_modules\uws\build\binding.sln]
d:\development\ionwc\map\node_modules\uws\src\Libuv.h(87): error C2588: '::~Timer' : illegal global destructor [D:\Development\ionwc\map\node_modules\uws\build\binding.sln]
d:\development\ionwc\map\node_modules\uws\src\Libuv.h(90): error C2143: syntax error : missing ';' before '}' [D:\Development\ionwc\map\node_modules\uws\build\binding.sln]
d:\development\ionwc\map\node_modules\uws\src\Libuv.h(82): error C2541: 'delete' : cannot delete objects that are not pointers [D:\Development\ionwc\map\node_modules\uws\build\binding.sln]
d:\development\ionwc\map\node_modules\uws\src\Libuv.h(90): error C2059: syntax error : '}' [D:\Development\ionwc\map\node_modules\uws\build\binding.sln]
d:\development\ionwc\map\node_modules\uws\src\Libuv.h(44): error C2541: 'delete' : cannot delete objects that are not pointers [D:\Development\ionwc\map\node_modules\uws\build\binding.sln]
d:\development\ionwc\map\node_modules\uws\src\Libuv.h(49): error C2065: 'uv_async' : undeclared identifier [D:\Development\ionwc\map\node_modules\uws\build\binding.sln]
d:\development\ionwc\map\node_modules\uws\src\Libuv.h(90): error C2143: syntax error : missing ';' before '}' [D:\Development\ionwc\map\node_modules\uws\build\binding.sln]
d:\development\ionwc\map\node_modules\uws\src\Libuv.h(87): error C4430: missing type specifier - int assumed. Note: C++ does not support default-int [D:\Development\ionwc\map\node_modules\uws\build\binding.sln]
d:\development\ionwc\map\node_modules\uws\src\Libuv.h(90): error C2059: syntax error : '}' [D:\Development\ionwc\map\node_modules\uws\build\binding.sln]
d:\development\ionwc\map\node_modules\uws\src\Libuv.h(87): error C2588: '::~Timer' : illegal global destructor [D:\Development\ionwc\map\node_modules\uws\build\binding.sln]
d:\development\ionwc\map\node_modules\uws\src\Libuv.h(90): error C2143: syntax error : missing ';' before '}' [D:\Development\ionwc\map\node_modules\uws\build\binding.sln]
d:\development\ionwc\map\node_modules\uws\src\Libuv.h(53): error C2065: 'uv_async' : undeclared identifier [D:\Development\ionwc\map\node_modules\uws\build\binding.sln]
d:\development\ionwc\map\node_modules\uws\src\Libuv.h(49): error C2228: left of '.data' must have class/struct/union [D:\Development\ionwc\map\node_modules\uws\build\binding.sln]
d:\development\ionwc\map\node_modules\uws\src\Libuv.h(90): error C2059: syntax error : '}' [D:\Development\ionwc\map\node_modules\uws\build\binding.sln]
d:\development\ionwc\map\node_modules\uws\src\Libuv.h(89): warning C4508: 'Timer' : function should return a value; 'void' return type assumed [D:\Development\ionwc\map\node_modules\uws\build\binding.sln]
d:\development\ionwc\map\node_modules\uws\src\Libuv.h(87): error C4430: missing type specifier - int assumed. Note: C++ does not support default-int [D:\Development\ionwc\map\node_modules\uws\build\binding.sln]
d:\development\ionwc\map\node_modules\uws\src\Libuv.h(90): error C2059: syntax error : '}' [D:\Development\ionwc\map\node_modules\uws\build\binding.sln]
d:\development\ionwc\map\node_modules\uws\src\Libuv.h(101): error C2143: syntax error : missing ')' before '&&' [D:\Development\ionwc\map\node_modules\uws\build\binding.sln]
d:\development\ionwc\map\node_modules\uws\src\Libuv.h(53): error C2228: left of '.data' must have class/struct/union [D:\Development\ionwc\map\node_modules\uws\build\binding.sln]
d:\development\ionwc\map\node_modules\uws\src\Libuv.h(90): error C2059: syntax error : '}' [D:\Development\ionwc\map\node_modules\uws\build\binding.sln]
d:\development\ionwc\map\node_modules\uws\src\Libuv.h(101): error C2143: syntax error : missing ')' before '&&' [D:\Development\ionwc\map\node_modules\uws\build\binding.sln]
d:\development\ionwc\map\node_modules\uws\src\Libuv.h(43): error C2059: syntax error : '[' [D:\Development\ionwc\map\node_modules\uws\build\binding.sln]
d:\development\ionwc\map\node_modules\uws\src\Libuv.h(89): warning C4508: 'Timer' : function should return a value; 'void' return type assumed [D:\Development\ionwc\map\node_modules\uws\build\binding.sln]
d:\development\ionwc\map\node_modules\uws\src\Libuv.h(101): error C2143: syntax error : missing ';' before '&&' [D:\Development\ionwc\map\node_modules\uws\build\binding.sln]
d:\development\ionwc\map\node_modules\uws\src\Libuv.h(101): error C2143: syntax error : missing ')' before '&&' [D:\Development\ionwc\map\node_modules\uws\build\binding.sln]
d:\development\ionwc\map\node_modules\uws\src\Libuv.h(55): error C2059: syntax error : '}' [D:\Development\ionwc\map\node_modules\uws\build\binding.sln]
d:\development\ionwc\map\node_modules\uws\src\Libuv.h(90): error C2143: syntax error : missing ';' before '}' [D:\Development\ionwc\map\node_modules\uws\build\binding.sln]
d:\development\ionwc\map\node_modules\uws\src\Libuv.h(101): error C2143: syntax error : missing ';' before '&&' [D:\Development\ionwc\map\node_modules\uws\build\binding.sln]
d:\development\ionwc\map\node_modules\uws\src\Libuv.h(43): error C2143: syntax error : missing ')' before '{' [D:\Development\ionwc\map\node_modules\uws\build\binding.sln]
d:\development\ionwc\map\node_modules\uws\src\Libuv.h(90): error C2059: syntax error : '}' [D:\Development\ionwc\map\node_modules\uws\build\binding.sln]
d:\development\ionwc\map\node_modules\uws\src\Libuv.h(101): error C2652: 'Poll' : illegal copy constructor: first parameter must not be a 'Poll' [D:\Development\ionwc\map\node_modules\uws\build\binding.sln]
d:\development\ionwc\map\node_modules\uws\src\Libuv.h(101): error C2143: syntax error : missing ';' before '&&' [D:\Development\ionwc\map\node_modules\uws\build\binding.sln]
d:\development\ionwc\map\node_modules\uws\src\Libuv.h(55): error C2143: syntax error : missing ';' before '}' [D:\Development\ionwc\map\node_modules\uws\build\binding.sln]
d:\development\ionwc\map\node_modules\uws\src\Libuv.h(90): error C2059: syntax error : '}' [D:\Development\ionwc\map\node_modules\uws\build\binding.sln]
d:\development\ionwc\map\node_modules\uws\src\Libuv.h(101): error C2652: 'Poll' : illegal copy constructor: first parameter must not be a 'Poll' [D:\Development\ionwc\map\node_modules\uws\build\binding.sln]
d:\development\ionwc\map\node_modules\uws\src\Libuv.h(43): error C2143: syntax error : missing ';' before '{' [D:\Development\ionwc\map\node_modules\uws\build\binding.sln]
d:\development\ionwc\map\node_modules\uws\src\Libuv.h(90): error C2143: syntax error : missing ';' before '}' [D:\Development\ionwc\map\node_modules\uws\build\binding.sln]
d:\development\ionwc\map\node_modules\uws\src\Libuv.h(101): error C2059: syntax error : ')' [D:\Development\ionwc\map\node_modules\uws\build\binding.sln]
d:\development\ionwc\map\node_modules\uws\src\Libuv.h(101): error C2652: 'Poll' : illegal copy constructor: first parameter must not be a 'Poll' [D:\Development\ionwc\map\node_modules\uws\build\binding.sln]
d:\development\ionwc\map\node_modules\uws\src\Libuv.h(55): error C2059: syntax error : '}' [D:\Development\ionwc\map\node_modules\uws\build\binding.sln]
d:\development\ionwc\map\node_modules\uws\src\Libuv.h(101): error C2143: syntax error : missing ')' before '&&' [D:\Development\ionwc\map\node_modules\uws\build\binding.sln]
d:\development\ionwc\map\node_modules\uws\src\Libuv.h(101): error C2059: syntax error : ')' [D:\Development\ionwc\map\node_modules\uws\build\binding.sln]
d:\development\ionwc\map\node_modules\uws\src\Libuv.h(44): error C2065: 'a' : undeclared identifier [D:\Development\ionwc\map\node_modules\uws\build\binding.sln]
d:\development\ionwc\map\node_modules\uws\src\Libuv.h(90): error C2059: syntax error : '}' [D:\Development\ionwc\map\node_modules\uws\build\binding.sln]
d:\development\ionwc\map\node_modules\uws\src\Libuv.h(101): error C2334: unexpected token(s) preceding '{'; skipping apparent function body [D:\Development\ionwc\map\node_modules\uws\build\binding.sln]
d:\development\ionwc\map\node_modules\uws\src\Libuv.h(101): error C2059: syntax error : ')' [D:\Development\ionwc\map\node_modules\uws\build\binding.sln]
d:\development\ionwc\map\node_modules\uws\src\Libuv.h(101): error C2143: syntax error : missing ';' before '&&' [D:\Development\ionwc\map\node_modules\uws\build\binding.sln]
d:\development\ionwc\map\node_modules\uws\src\Libuv.h(101): error C2334: unexpected token(s) preceding '{'; skipping apparent function body [D:\Development\ionwc\map\node_modules\uws\build\binding.sln]
d:\development\ionwc\map\node_modules\uws\src\Libuv.h(83): error C2958: the left parenthesis '(' found at 'd:\development\ionwc\map\node_modules\uws\src\libuv.h(81)' was not matched correctly [D:\Development\ionwc\map\node_modules\uws\build\binding.sln]
d:\development\ionwc\map\node_modules\uws\src\Libuv.h(44): error C2541: 'delete' : cannot delete objects that are not pointers [D:\Development\ionwc\map\node_modules\uws\build\binding.sln]
d:\development\ionwc\map\node_modules\uws\src\Libuv.h(107): error C2059: syntax error : ';' [D:\Development\ionwc\map\node_modules\uws\build\binding.sln]
d:\development\ionwc\map\node_modules\uws\src\Libuv.h(101): error C2334: unexpected token(s) preceding '{'; skipping apparent function body [D:\Development\ionwc\map\node_modules\uws\build\binding.sln]
d:\development\ionwc\map\node_modules\uws\src\Libuv.h(101): error C2143: syntax error : missing ')' before '&&' [D:\Development\ionwc\map\node_modules\uws\build\binding.sln]
d:\development\ionwc\map\node_modules\uws\src\Libuv.h(101): error C2652: 'Poll' : illegal copy constructor: first parameter must not be a 'Poll' [D:\Development\ionwc\map\node_modules\uws\build\binding.sln]
d:\development\ionwc\map\node_modules\uws\src\Libuv.h(107): error C2059: syntax error : ';' [D:\Development\ionwc\map\node_modules\uws\build\binding.sln]
d:\development\ionwc\map\node_modules\uws\src\Libuv.h(83): error C2059: syntax error : ')' [D:\Development\ionwc\map\node_modules\uws\build\binding.sln]
d:\development\ionwc\map\node_modules\uws\src\Libuv.h(53): error C2065: 'uv_async' : undeclared identifier [D:\Development\ionwc\map\node_modules\uws\build\binding.sln]
d:\development\ionwc\map\node_modules\uws\src\Libuv.h(107): error C2238: unexpected token(s) preceding ';' [D:\Development\ionwc\map\node_modules\uws\build\binding.sln]
d:\development\ionwc\map\node_modules\uws\src\Libuv.h(107): error C2059: syntax error : ';' [D:\Development\ionwc\map\node_modules\uws\build\binding.sln]
d:\development\ionwc\map\node_modules\uws\src\Libuv.h(101): error C2143: syntax error : missing ';' before '&&' [D:\Development\ionwc\map\node_modules\uws\build\binding.sln]
d:\development\ionwc\map\node_modules\uws\src\Libuv.h(101): error C2059: syntax error : ')' [D:\Development\ionwc\map\node_modules\uws\build\binding.sln]
d:\development\ionwc\map\node_modules\uws\src\Libuv.h(107): error C2238: unexpected token(s) preceding ';' [D:\Development\ionwc\map\node_modules\uws\build\binding.sln]
d:\development\ionwc\map\node_modules\uws\src\Libuv.h(86): error C2059: syntax error : 'private' [D:\Development\ionwc\map\node_modules\uws\build\binding.sln]
d:\development\ionwc\map\node_modules\uws\src\Libuv.h(53): error C2228: left of '.data' must have class/struct/union [D:\Development\ionwc\map\node_modules\uws\build\binding.sln]
d:\development\ionwc\map\node_modules\uws\src\Libuv.h(107): error C2238: unexpected token(s) preceding ';' [D:\Development\ionwc\map\node_modules\uws\build\binding.sln]
d:\development\ionwc\map\node_modules\uws\src\Libuv.h(101): error C2652: 'Poll' : illegal copy constructor: first parameter must not be a 'Poll' [D:\Development\ionwc\map\node_modules\uws\build\binding.sln]
d:\development\ionwc\map\node_modules\uws\src\Libuv.h(146): error C2958: the left parenthesis '(' found at 'd:\development\ionwc\map\node_modules\uws\src\libuv.h(143)' was not matched correctly [D:\Development\ionwc\map\node_modules\uws\build\binding.sln]
d:\development\ionwc\map\node_modules\uws\src\Libuv.h(101): error C2334: unexpected token(s) preceding '{'; skipping apparent function body [D:\Development\ionwc\map\node_modules\uws\build\binding.sln]
d:\development\ionwc\map\node_modules\uws\src\Libuv.h(86): error C2143: syntax error : missing ';' before ':' [D:\Development\ionwc\map\node_modules\uws\build\binding.sln]
d:\development\ionwc\map\node_modules\uws\src\Libuv.h(146): error C2958: the left parenthesis '(' found at 'd:\development\ionwc\map\node_modules\uws\src\libuv.h(143)' was not matched correctly [D:\Development\ionwc\map\node_modules\uws\build\binding.sln]
d:\development\ionwc\map\node_modules\uws\src\Libuv.h(55): error C2059: syntax error : '}' [D:\Development\ionwc\map\node_modules\uws\build\binding.sln]
d:\development\ionwc\map\node_modules\uws\src\Libuv.h(101): error C2059: syntax error : ')' [D:\Development\ionwc\map\node_modules\uws\build\binding.sln]
d:\development\ionwc\map\node_modules\uws\src\Libuv.h(146): error C2958: the left parenthesis '(' found at 'd:\development\ionwc\map\node_modules\uws\src\libuv.h(143)' was not matched correctly [D:\Development\ionwc\map\node_modules\uws\build\binding.sln]
d:\development\ionwc\map\node_modules\uws\src\Libuv.h(146): error C2059: syntax error : ')' [D:\Development\ionwc\map\node_modules\uws\build\binding.sln]
d:\development\ionwc\map\node_modules\uws\src\Libuv.h(107): error C2059: syntax error : ';' [D:\Development\ionwc\map\node_modules\uws\build\binding.sln]
d:\development\ionwc\map\node_modules\uws\src\Libuv.h(86): error C2059: syntax error : ':' [D:\Development\ionwc\map\node_modules\uws\build\binding.sln]
d:\development\ionwc\map\node_modules\uws\src\Libuv.h(146): error C2059: syntax error : ')' [D:\Development\ionwc\map\node_modules\uws\build\binding.sln]
d:\development\ionwc\map\node_modules\uws\src\Libuv.h(55): error C2143: syntax error : missing ';' before '}' [D:\Development\ionwc\map\node_modules\uws\build\binding.sln]
d:\development\ionwc\map\node_modules\uws\src\Libuv.h(101): error C2334: unexpected token(s) preceding '{'; skipping apparent function body [D:\Development\ionwc\map\node_modules\uws\build\binding.sln]
d:\development\ionwc\map\node_modules\uws\src\Libuv.h(146): error C2059: syntax error : ')' [D:\Development\ionwc\map\node_modules\uws\build\binding.sln]
d:\development\ionwc\map\node_modules\uws\src\Libuv.h(149): error C2628: 'Poll' followed by 'void' is illegal (did you forget a ';'?) [D:\Development\ionwc\map\node_modules\uws\build\binding.sln]
d:\development\ionwc\map\node_modules\uws\src\Libuv.h(107): error C2238: unexpected token(s) preceding ';' [D:\Development\ionwc\map\node_modules\uws\build\binding.sln]
d:\development\ionwc\map\node_modules\uws\src\Libuv.h(149): error C2628: 'Poll' followed by 'void' is illegal (did you forget a ';'?) [D:\Development\ionwc\map\node_modules\uws\build\binding.sln]
d:\development\ionwc\map\node_modules\uws\src\Libuv.h(55): error C2059: syntax error : '}' [D:\Development\ionwc\map\node_modules\uws\build\binding.sln]
d:\development\ionwc\map\node_modules\uws\src\Libuv.h(107): error C2059: syntax error : ';' [D:\Development\ionwc\map\node_modules\uws\build\binding.sln]
d:\development\ionwc\map\node_modules\uws\src\Libuv.h(149): error C2628: 'Poll' followed by 'void' is illegal (did you forget a ';'?) [D:\Development\ionwc\map\node_modules\uws\build\binding.sln]
d:\development\ionwc\map\node_modules\uws\src\Libuv.h(81): error C2059: syntax error : '[' [D:\Development\ionwc\map\node_modules\uws\build\binding.sln]
d:\development\ionwc\map\node_modules\uws\src\Libuv.h(150): error C2065: 'nullptr' : undeclared identifier [D:\Development\ionwc\map\node_modules\uws\build\binding.sln]
d:\development\ionwc\map\node_modules\uws\src\Libuv.h(150): error C2065: 'nullptr' : undeclared identifier [D:\Development\ionwc\map\node_modules\uws\build\binding.sln]
d:\development\ionwc\map\node_modules\uws\src\Libuv.h(107): error C2238: unexpected token(s) preceding ';' [D:\Development\ionwc\map\node_modules\uws\build\binding.sln]
d:\development\ionwc\map\node_modules\uws\src\Libuv.h(146): error C2958: the left parenthesis '(' found at 'd:\development\ionwc\map\node_modules\uws\src\libuv.h(143)' was not matched correctly [D:\Development\ionwc\map\node_modules\uws\build\binding.sln]
d:\development\ionwc\map\node_modules\uws\src\Libuv.h(83): error C2958: the left parenthesis '(' found at 'd:\development\ionwc\map\node_modules\uws\src\libuv.h(81)' was not matched correctly [D:\Development\ionwc\map\node_modules\uws\build\binding.sln]
d:\development\ionwc\map\node_modules\uws\src\Libuv.h(150): error C2065: 'nullptr' : undeclared identifier [D:\Development\ionwc\map\node_modules\uws\build\binding.sln]
d:\development\ionwc\map\node_modules\uws\src\Libuv.h(81): error C2143: syntax error : missing ')' before '{' [D:\Development\ionwc\map\node_modules\uws\build\binding.sln]
d:\development\ionwc\map\node_modules\uws\src\Libuv.h(150): error C3861: 'start': identifier not found [D:\Development\ionwc\map\node_modules\uws\build\binding.sln]
d:\development\ionwc\map\node_modules\uws\src\Libuv.h(150): error C3861: 'start': identifier not found [D:\Development\ionwc\map\node_modules\uws\build\binding.sln]
d:\development\ionwc\map\node_modules\uws\src\Libuv.h(146): error C2059: syntax error : ')' [D:\Development\ionwc\map\node_modules\uws\build\binding.sln]
d:\development\ionwc\map\node_modules\uws\src\Libuv.h(83): error C2059: syntax error : ')' [D:\Development\ionwc\map\node_modules\uws\build\binding.sln]
d:\development\ionwc\map\node_modules\uws\src\Libuv.h(150): error C3861: 'start': identifier not found [D:\Development\ionwc\map\node_modules\uws\build\binding.sln]
d:\development\ionwc\map\node_modules\uws\src\Libuv.h(146): error C2958: the left parenthesis '(' found at 'd:\development\ionwc\map\node_modules\uws\src\libuv.h(143)' was not matched correctly [D:\Development\ionwc\map\node_modules\uws\build\binding.sln]
d:\development\ionwc\map\node_modules\uws\src\Libuv.h(81): error C2143: syntax error : missing ';' before '{' [D:\Development\ionwc\map\node_modules\uws\build\binding.sln]
d:\development\ionwc\map\node_modules\uws\src\Libuv.h(149): error C2628: 'Poll' followed by 'void' is illegal (did you forget a ';'?) [D:\Development\ionwc\map\node_modules\uws\build\binding.sln]
d:\development\ionwc\map\node_modules\uws\src\Libuv.h(86): error C2059: syntax error : 'private' [D:\Development\ionwc\map\node_modules\uws\build\binding.sln]
d:\development\ionwc\map\node_modules\uws\src\Libuv.h(143): error C2059: syntax error : '[' [D:\Development\ionwc\map\node_modules\uws\build\binding.sln]
d:\development\ionwc\map\node_modules\uws\src\Libuv.h(143): error C2059: syntax error : '[' [D:\Development\ionwc\map\node_modules\uws\build\binding.sln]
d:\development\ionwc\map\node_modules\uws\src\Libuv.h(146): error C2059: syntax error : ')' [D:\Development\ionwc\map\node_modules\uws\build\binding.sln]
d:\development\ionwc\map\node_modules\uws\src\Libuv.h(82): error C2065: 't' : undeclared identifier [D:\Development\ionwc\map\node_modules\uws\build\binding.sln]
d:\development\ionwc\map\node_modules\uws\src\Libuv.h(143): error C2059: syntax error : '[' [D:\Development\ionwc\map\node_modules\uws\build\binding.sln]
d:\development\ionwc\map\node_modules\uws\src\Libuv.h(86): error C2143: syntax error : missing ';' before ':' [D:\Development\ionwc\map\node_modules\uws\build\binding.sln]
d:\development\ionwc\map\node_modules\uws\src\Libuv.h(150): error C2065: 'nullptr' : undeclared identifier [D:\Development\ionwc\map\node_modules\uws\build\binding.sln]
d:\development\ionwc\map\node_modules\uws\src\Libuv.h(143): error C2143: syntax error : missing ')' before '{' [D:\Development\ionwc\map\node_modules\uws\build\binding.sln]
d:\development\ionwc\map\node_modules\uws\src\Libuv.h(143): error C2143: syntax error : missing ')' before '{' [D:\Development\ionwc\map\node_modules\uws\build\binding.sln]
d:\development\ionwc\map\node_modules\uws\src\Libuv.h(149): error C2628: 'Poll' followed by 'void' is illegal (did you forget a ';'?) [D:\Development\ionwc\map\node_modules\uws\build\binding.sln]
d:\development\ionwc\map\node_modules\uws\src\Libuv.h(82): error C2541: 'delete' : cannot delete objects that are not pointers [D:\Development\ionwc\map\node_modules\uws\build\binding.sln]
d:\development\ionwc\map\node_modules\uws\src\Libuv.h(143): error C2143: syntax error : missing ')' before '{' [D:\Development\ionwc\map\node_modules\uws\build\binding.sln]
d:\development\ionwc\map\node_modules\uws\src\Libuv.h(86): error C2059: syntax error : ':' [D:\Development\ionwc\map\node_modules\uws\build\binding.sln]
d:\development\ionwc\map\node_modules\uws\src\Libuv.h(150): error C3861: 'start': identifier not found [D:\Development\ionwc\map\node_modules\uws\build\binding.sln]
d:\development\ionwc\map\node_modules\uws\src\Libuv.h(143): error C2143: syntax error : missing ';' before '{' [D:\Development\ionwc\map\node_modules\uws\build\binding.sln]
d:\development\ionwc\map\node_modules\uws\src\Libuv.h(143): error C2143: syntax error : missing ';' before '{' [D:\Development\ionwc\map\node_modules\uws\build\binding.sln]
d:\development\ionwc\map\node_modules\uws\src\Libuv.h(150): error C2065: 'nullptr' : undeclared identifier [D:\Development\ionwc\map\node_modules\uws\build\binding.sln]
d:\development\ionwc\map\node_modules\uws\src\Libuv.h(87): error C2588: '::~Timer' : illegal global destructor [D:\Development\ionwc\map\node_modules\uws\build\binding.sln]
d:\development\ionwc\map\node_modules\uws\src\Libuv.h(143): error C2143: syntax error : missing ';' before '{' [D:\Development\ionwc\map\node_modules\uws\build\binding.sln]
d:\development\ionwc\map\node_modules\uws\src\Libuv.h(144): error C2065: 'p' : undeclared identifier [D:\Development\ionwc\map\node_modules\uws\build\binding.sln]
d:\development\ionwc\map\node_modules\uws\src\Libuv.h(81): error C2059: syntax error : '[' [D:\Development\ionwc\map\node_modules\uws\build\binding.sln]
d:\development\ionwc\map\node_modules\uws\src\Libuv.h(144): error C2065: 'p' : undeclared identifier [D:\Development\ionwc\map\node_modules\uws\build\binding.sln]
d:\development\ionwc\map\node_modules\uws\src\Libuv.h(150): error C3861: 'start': identifier not found [D:\Development\ionwc\map\node_modules\uws\build\binding.sln]
d:\development\ionwc\map\node_modules\uws\src\Libuv.h(87): error C4430: missing type specifier - int assumed. Note: C++ does not support default-int [D:\Development\ionwc\map\node_modules\uws\build\binding.sln]
d:\development\ionwc\map\node_modules\uws\src\Libuv.h(143): error C2059: syntax error : '[' [D:\Development\ionwc\map\node_modules\uws\build\binding.sln]
d:\development\ionwc\map\node_modules\uws\src\Libuv.h(144): error C2065: 'p' : undeclared identifier [D:\Development\ionwc\map\node_modules\uws\build\binding.sln]
d:\development\ionwc\map\node_modules\uws\src\Libuv.h(144): error C2227: left of '->data' must point to class/struct/union/generic type [D:\Development\ionwc\map\node_modules\uws\build\binding.sln]
d:\development\ionwc\map\node_modules\uws\src\Libuv.h(81): error C2143: syntax error : missing ')' before '{' [D:\Development\ionwc\map\node_modules\uws\build\binding.sln]
d:\development\ionwc\map\node_modules\uws\src\Libuv.h(144): error C2227: left of '->data' must point to class/struct/union/generic type [D:\Development\ionwc\map\node_modules\uws\build\binding.sln]
d:\development\ionwc\map\node_modules\uws\src\Libuv.h(89): warning C4508: 'Timer' : function should return a value; 'void' return type assumed [D:\Development\ionwc\map\node_modules\uws\build\binding.sln]
d:\development\ionwc\map\node_modules\uws\src\Libuv.h(143): error C2143: syntax error : missing ')' before '{' [D:\Development\ionwc\map\node_modules\uws\build\binding.sln]
d:\development\ionwc\map\node_modules\uws\src\Libuv.h(144): error C2227: left of '->data' must point to class/struct/union/generic type [D:\Development\ionwc\map\node_modules\uws\build\binding.sln]
d:\development\ionwc\map\node_modules\uws\src\Libuv.h(145): error C2065: 'status' : undeclared identifier [D:\Development\ionwc\map\node_modules\uws\build\binding.sln]
d:\development\ionwc\map\node_modules\uws\src\Libuv.h(81): error C2143: syntax error : missing ';' before '{' [D:\Development\ionwc\map\node_modules\uws\build\binding.sln]
d:\development\ionwc\map\node_modules\uws\src\Libuv.h(143): error C2059: syntax error : '[' [D:\Development\ionwc\map\node_modules\uws\build\binding.sln]
d:\development\ionwc\map\node_modules\uws\src\Libuv.h(145): error C2065: 'status' : undeclared identifier [D:\Development\ionwc\map\node_modules\uws\build\binding.sln]
d:\development\ionwc\map\node_modules\uws\src\Libuv.h(90): error C2059: syntax error : '}' [D:\Development\ionwc\map\node_modules\uws\build\binding.sln]
d:\development\ionwc\map\node_modules\uws\src\Libuv.h(143): error C2143: syntax error : missing ';' before '{' [D:\Development\ionwc\map\node_modules\uws\build\binding.sln]
d:\development\ionwc\map\node_modules\uws\src\Libuv.h(145): error C2065: 'status' : undeclared identifier [D:\Development\ionwc\map\node_modules\uws\build\binding.sln]
d:\development\ionwc\map\node_modules\uws\src\Libuv.h(82): error C2065: 't' : undeclared identifier [D:\Development\ionwc\map\node_modules\uws\build\binding.sln]
d:\development\ionwc\map\node_modules\uws\src\Libuv.h(154): error C2065: 'uv_poll' : undeclared identifier [D:\Development\ionwc\map\node_modules\uws\build\binding.sln]
d:\development\ionwc\map\node_modules\uws\src\Libuv.h(143): error C2143: syntax error : missing ')' before '{' [D:\Development\ionwc\map\node_modules\uws\build\binding.sln]
d:\development\ionwc\map\node_modules\uws\src\Libuv.h(90): error C2143: syntax error : missing ';' before '}' [D:\Development\ionwc\map\node_modules\uws\build\binding.sln]
d:\development\ionwc\map\node_modules\uws\src\Libuv.h(154): error C2065: 'uv_poll' : undeclared identifier [D:\Development\ionwc\map\node_modules\uws\build\binding.sln]
d:\development\ionwc\map\node_modules\uws\src\Libuv.h(144): error C2065: 'p' : undeclared identifier [D:\Development\ionwc\map\node_modules\uws\build\binding.sln]
d:\development\ionwc\map\node_modules\uws\src\Libuv.h(154): error C2065: 'uv_poll' : undeclared identifier [D:\Development\ionwc\map\node_modules\uws\build\binding.sln]
d:\development\ionwc\map\node_modules\uws\src\Libuv.h(82): error C2541: 'delete' : cannot delete objects that are not pointers [D:\Development\ionwc\map\node_modules\uws\build\binding.sln]
d:\development\ionwc\map\node_modules\uws\src\Libuv.h(143): error C2143: syntax error : missing ';' before '{' [D:\Development\ionwc\map\node_modules\uws\build\binding.sln]
d:\development\ionwc\map\node_modules\uws\src\Libuv.h(90): error C2059: syntax error : '}' [D:\Development\ionwc\map\node_modules\uws\build\binding.sln]
d:\development\ionwc\map\node_modules\uws\src\Libuv.h(166): error C2673: 'close' : global functions do not have 'this' pointers [D:\Development\ionwc\map\node_modules\uws\build\binding.sln]
d:\development\ionwc\map\node_modules\uws\src\Libuv.h(144): error C2227: left of '->data' must point to class/struct/union/generic type [D:\Development\ionwc\map\node_modules\uws\build\binding.sln]
d:\development\ionwc\map\node_modules\uws\src\Libuv.h(166): error C2673: 'close' : global functions do not have 'this' pointers [D:\Development\ionwc\map\node_modules\uws\build\binding.sln]
d:\development\ionwc\map\node_modules\uws\src\Libuv.h(87): error C2588: '::~Timer' : illegal global destructor [D:\Development\ionwc\map\node_modules\uws\build\binding.sln]
d:\development\ionwc\map\node_modules\uws\src\Libuv.h(144): error C2065: 'p' : undeclared identifier [D:\Development\ionwc\map\node_modules\uws\build\binding.sln]
d:\development\ionwc\map\node_modules\uws\src\Libuv.h(166): error C2673: 'close' : global functions do not have 'this' pointers [D:\Development\ionwc\map\node_modules\uws\build\binding.sln]
d:\development\ionwc\map\node_modules\uws\src\Libuv.h(166): error C2227: left of '->cb' must point to class/struct/union/generic type [D:\Development\ionwc\map\node_modules\uws\build\binding.sln]
d:\development\ionwc\map\node_modules\uws\src\Libuv.h(101): error C2143: syntax error : missing ')' before '&&' [D:\Development\ionwc\map\node_modules\uws\build\binding.sln]
d:\development\ionwc\map\node_modules\uws\src\Libuv.h(145): error C2065: 'status' : undeclared identifier [D:\Development\ionwc\map\node_modules\uws\build\binding.sln]
d:\development\ionwc\map\node_modules\uws\src\Libuv.h(166): error C2227: left of '->cb' must point to class/struct/union/generic type [D:\Development\ionwc\map\node_modules\uws\build\binding.sln]
d:\development\ionwc\map\node_modules\uws\src\Libuv.h(87): error C4430: missing type specifier - int assumed. Note: C++ does not support default-int [D:\Development\ionwc\map\node_modules\uws\build\binding.sln]
d:\development\ionwc\map\node_modules\uws\src\Libuv.h(144): error C2227: left of '->data' must point to class/struct/union/generic type [D:\Development\ionwc\map\node_modules\uws\build\binding.sln]
d:\development\ionwc\map\node_modules\uws\src\Libuv.h(166): error C2227: left of '->cb' must point to class/struct/union/generic type [D:\Development\ionwc\map\node_modules\uws\build\binding.sln]
d:\development\ionwc\map\node_modules\uws\src\Libuv.h(167): error C2065: 'uv_poll' : undeclared identifier [D:\Development\ionwc\map\node_modules\uws\build\binding.sln]
d:\development\ionwc\map\node_modules\uws\src\Libuv.h(101): error C2143: syntax error : missing ';' before '&&' [D:\Development\ionwc\map\node_modules\uws\build\binding.sln]
d:\development\ionwc\map\node_modules\uws\src\Libuv.h(154): error C2065: 'uv_poll' : undeclared identifier [D:\Development\ionwc\map\node_modules\uws\build\binding.sln]
d:\development\ionwc\map\node_modules\uws\src\Libuv.h(167): error C2065: 'uv_poll' : undeclared identifier [D:\Development\ionwc\map\node_modules\uws\build\binding.sln]
d:\development\ionwc\map\node_modules\uws\src\Libuv.h(89): warning C4508: 'Timer' : function should return a value; 'void' return type assumed [D:\Development\ionwc\map\node_modules\uws\build\binding.sln]
d:\development\ionwc\map\node_modules\uws\src\Libuv.h(145): error C2065: 'status' : undeclared identifier [D:\Development\ionwc\map\node_modules\uws\build\binding.sln]
d:\development\ionwc\map\node_modules\uws\src\Libuv.h(167): error C2065: 'uv_poll' : undeclared identifier [D:\Development\ionwc\map\node_modules\uws\build\binding.sln]
d:\development\ionwc\map\node_modules\uws\src\Libuv.h(167): error C2059: syntax error : '[' [D:\Development\ionwc\map\node_modules\uws\build\binding.sln]
d:\development\ionwc\map\node_modules\uws\src\Libuv.h(101): error C2652: 'Poll' : illegal copy constructor: first parameter must not be a 'Poll' [D:\Development\ionwc\map\node_modules\uws\build\binding.sln]
d:\development\ionwc\map\node_modules\uws\src\Libuv.h(167): error C2059: syntax error : '[' [D:\Development\ionwc\map\node_modules\uws\build\binding.sln]
d:\development\ionwc\map\node_modules\uws\src\Libuv.h(166): error C2673: 'close' : global functions do not have 'this' pointers [D:\Development\ionwc\map\node_modules\uws\build\binding.sln]
d:\development\ionwc\map\node_modules\uws\src\Libuv.h(90): error C2059: syntax error : '}' [D:\Development\ionwc\map\node_modules\uws\build\binding.sln]
d:\development\ionwc\map\node_modules\uws\src\Libuv.h(154): error C2065: 'uv_poll' : undeclared identifier [D:\Development\ionwc\map\node_modules\uws\build\binding.sln]
d:\development\ionwc\map\node_modules\uws\src\Libuv.h(167): error C2059: syntax error : '[' [D:\Development\ionwc\map\node_modules\uws\build\binding.sln]
d:\development\ionwc\map\node_modules\uws\src\Libuv.h(167): error C2143: syntax error : missing ')' before '{' [D:\Development\ionwc\map\node_modules\uws\build\binding.sln]
d:\development\ionwc\map\node_modules\uws\src\Libuv.h(101): error C2059: syntax error : ')' [D:\Development\ionwc\map\node_modules\uws\build\binding.sln]
d:\development\ionwc\map\node_modules\uws\src\Libuv.h(167): error C2143: syntax error : missing ')' before '{' [D:\Development\ionwc\map\node_modules\uws\build\binding.sln]
d:\development\ionwc\map\node_modules\uws\src\Libuv.h(166): error C2227: left of '->cb' must point to class/struct/union/generic type [D:\Development\ionwc\map\node_modules\uws\build\binding.sln]
d:\development\ionwc\map\node_modules\uws\src\Libuv.h(90): error C2143: syntax error : missing ';' before '}' [D:\Development\ionwc\map\node_modules\uws\build\binding.sln]
d:\development\ionwc\map\node_modules\uws\src\Libuv.h(167): error C2143: syntax error : missing ')' before '{' [D:\Development\ionwc\map\node_modules\uws\build\binding.sln]
d:\development\ionwc\map\node_modules\uws\src\Libuv.h(167): error C2143: syntax error : missing ';' before '{' [D:\Development\ionwc\map\node_modules\uws\build\binding.sln]
d:\development\ionwc\map\node_modules\uws\src\Libuv.h(166): error C2673: 'close' : global functions do not have 'this' pointers [D:\Development\ionwc\map\node_modules\uws\build\binding.sln]
d:\development\ionwc\map\node_modules\uws\src\Libuv.h(101): error C2334: unexpected token(s) preceding '{'; skipping apparent function body [D:\Development\ionwc\map\node_modules\uws\build\binding.sln]
d:\development\ionwc\map\node_modules\uws\src\Libuv.h(167): error C2143: syntax error : missing ';' before '{' [D:\Development\ionwc\map\node_modules\uws\build\binding.sln]
d:\development\ionwc\map\node_modules\uws\src\Libuv.h(167): error C2065: 'uv_poll' : undeclared identifier [D:\Development\ionwc\map\node_modules\uws\build\binding.sln]
d:\development\ionwc\map\node_modules\uws\src\Libuv.h(90): error C2059: syntax error : '}' [D:\Development\ionwc\map\node_modules\uws\build\binding.sln]
d:\development\ionwc\map\node_modules\uws\src\Libuv.h(167): error C2143: syntax error : missing ';' before '{' [D:\Development\ionwc\map\node_modules\uws\build\binding.sln]
d:\development\ionwc\map\node_modules\uws\src\Libuv.h(168): error C2065: 'p' : undeclared identifier [D:\Development\ionwc\map\node_modules\uws\build\binding.sln]
d:\development\ionwc\map\node_modules\uws\src\Libuv.h(166): error C2227: left of '->cb' must point to class/struct/union/generic type [D:\Development\ionwc\map\node_modules\uws\build\binding.sln]
d:\development\ionwc\map\node_modules\uws\src\Libuv.h(107): error C2059: syntax error : ';' [D:\Development\ionwc\map\node_modules\uws\build\binding.sln]
d:\development\ionwc\map\node_modules\uws\src\Libuv.h(168): error C2065: 'p' : undeclared identifier [D:\Development\ionwc\map\node_modules\uws\build\binding.sln]
d:\development\ionwc\map\node_modules\uws\src\Libuv.h(167): error C2059: syntax error : '[' [D:\Development\ionwc\map\node_modules\uws\build\binding.sln]
d:\development\ionwc\map\node_modules\uws\src\Libuv.h(101): error C2143: syntax error : missing ')' before '&&' [D:\Development\ionwc\map\node_modules\uws\build\binding.sln]
d:\development\ionwc\map\node_modules\uws\src\Libuv.h(168): error C2065: 'p' : undeclared identifier [D:\Development\ionwc\map\node_modules\uws\build\binding.sln]
d:\development\ionwc\map\node_modules\uws\src\Libuv.h(168): error C2227: left of '->data' must point to class/struct/union/generic type [D:\Development\ionwc\map\node_modules\uws\build\binding.sln]
d:\development\ionwc\map\node_modules\uws\src\Libuv.h(167): error C2065: 'uv_poll' : undeclared identifier [D:\Development\ionwc\map\node_modules\uws\build\binding.sln]
d:\development\ionwc\map\node_modules\uws\src\Libuv.h(107): error C2238: unexpected token(s) preceding ';' [D:\Development\ionwc\map\node_modules\uws\build\binding.sln]
d:\development\ionwc\map\node_modules\uws\src\Libuv.h(168): error C2227: left of '->data' must point to class/struct/union/generic type [D:\Development\ionwc\map\node_modules\uws\build\binding.sln]
d:\development\ionwc\map\node_modules\uws\src\Libuv.h(167): error C2143: syntax error : missing ')' before '{' [D:\Development\ionwc\map\node_modules\uws\build\binding.sln]
d:\development\ionwc\map\node_modules\uws\src\Libuv.h(101): error C2143: syntax error : missing ';' before '&&' [D:\Development\ionwc\map\node_modules\uws\build\binding.sln]
d:\development\ionwc\map\node_modules\uws\src\Libuv.h(168): error C2227: left of '->data' must point to class/struct/union/generic type [D:\Development\ionwc\map\node_modules\uws\build\binding.sln]
d:\development\ionwc\map\node_modules\uws\src\Libuv.h(167): error C2059: syntax error : '[' [D:\Development\ionwc\map\node_modules\uws\build\binding.sln]
d:\development\ionwc\map\node_modules\uws\src\Libuv.h(171): error C2059: syntax error : ')' [D:\Development\ionwc\map\node_modules\uws\build\binding.sln]
d:\development\ionwc\map\node_modules\uws\src\Libuv.h(167): error C2143: syntax error : missing ';' before '{' [D:\Development\ionwc\map\node_modules\uws\build\binding.sln]
d:\development\ionwc\map\node_modules\uws\src\Libuv.h(146): error C2958: the left parenthesis '(' found at 'd:\development\ionwc\map\node_modules\uws\src\libuv.h(143)' was not matched correctly [D:\Development\ionwc\map\node_modules\uws\build\binding.sln]
d:\development\ionwc\map\node_modules\uws\src\Libuv.h(171): error C2059: syntax error : ')' [D:\Development\ionwc\map\node_modules\uws\build\binding.sln]
d:\development\ionwc\map\node_modules\uws\src\Libuv.h(101): error C2652: 'Poll' : illegal copy constructor: first parameter must not be a 'Poll' [D:\Development\ionwc\map\node_modules\uws\build\binding.sln]
d:\development\ionwc\map\node_modules\uws\src\Libuv.h(171): error C2059: syntax error : ')' [D:\Development\ionwc\map\node_modules\uws\build\binding.sln]
d:\development\ionwc\map\node_modules\uws\src\Libuv.h(167): error C2143: syntax error : missing ')' before '{' [D:\Development\ionwc\map\node_modules\uws\build\binding.sln]
d:\development\ionwc\map\node_modules\uws\src\Libuv.h(173): error C2059: syntax error : '}' [D:\Development\ionwc\map\node_modules\uws\build\binding.sln]
d:\development\ionwc\map\node_modules\uws\src\Libuv.h(168): error C2065: 'p' : undeclared identifier [D:\Development\ionwc\map\node_modules\uws\build\binding.sln]
d:\development\ionwc\map\node_modules\uws\src\Libuv.h(146): error C2059: syntax error : ')' [D:\Development\ionwc\map\node_modules\uws\build\binding.sln]
d:\development\ionwc\map\node_modules\uws\src\Libuv.h(173): error C2059: syntax error : '}' [D:\Development\ionwc\map\node_modules\uws\build\binding.sln]
d:\development\ionwc\map\node_modules\uws\src\Libuv.h(101): error C2059: syntax error : ')' [D:\Development\ionwc\map\node_modules\uws\build\binding.sln]
d:\development\ionwc\map\node_modules\uws\src\Libuv.h(173): error C2059: syntax error : '}' [D:\Development\ionwc\map\node_modules\uws\build\binding.sln]
d:\development\ionwc\map\node_modules\uws\src\Libuv.h(167): error C2143: syntax error : missing ';' before '{' [D:\Development\ionwc\map\node_modules\uws\build\binding.sln]
d:\development\ionwc\map\node_modules\uws\src\Libuv.h(173): error C2143: syntax error : missing ';' before '}' [D:\Development\ionwc\map\node_modules\uws\build\binding.sln]
d:\development\ionwc\map\node_modules\uws\src\Libuv.h(168): error C2227: left of '->data' must point to class/struct/union/generic type [D:\Development\ionwc\map\node_modules\uws\build\binding.sln]
d:\development\ionwc\map\node_modules\uws\src\Libuv.h(173): error C2143: syntax error : missing ';' before '}' [D:\Development\ionwc\map\node_modules\uws\build\binding.sln]
d:\development\ionwc\map\node_modules\uws\src\Libuv.h(149): error C2628: 'Poll' followed by 'void' is illegal (did you forget a ';'?) [D:\Development\ionwc\map\node_modules\uws\build\binding.sln]
d:\development\ionwc\map\node_modules\uws\src\Libuv.h(101): error C2334: unexpected token(s) preceding '{'; skipping apparent function body [D:\Development\ionwc\map\node_modules\uws\build\binding.sln]
d:\development\ionwc\map\node_modules\uws\src\Libuv.h(173): error C2143: syntax error : missing ';' before '}' [D:\Development\ionwc\map\node_modules\uws\build\binding.sln]
d:\development\ionwc\map\node_modules\uws\src\Libuv.h(168): error C2065: 'p' : undeclared identifier [D:\Development\ionwc\map\node_modules\uws\build\binding.sln]
d:\development\ionwc\map\node_modules\uws\src\Libuv.h(173): error C2059: syntax error : '}' [D:\Development\ionwc\map\node_modules\uws\build\binding.sln]
d:\development\ionwc\map\node_modules\uws\src\Libuv.h(173): error C2059: syntax error : '}' [D:\Development\ionwc\map\node_modules\uws\build\binding.sln]
d:\development\ionwc\map\node_modules\uws\src\Libuv.h(171): error C2059: syntax error : ')' [D:\Development\ionwc\map\node_modules\uws\build\binding.sln]
d:\development\ionwc\map\node_modules\uws\src\Libuv.h(150): error C2065: 'nullptr' : undeclared identifier [D:\Development\ionwc\map\node_modules\uws\build\binding.sln]
d:\development\ionwc\map\node_modules\uws\src\Libuv.h(107): error C2059: syntax error : ';' [D:\Development\ionwc\map\node_modules\uws\build\binding.sln]
d:\development\ionwc\map\node_modules\uws\src\Libuv.h(173): error C2059: syntax error : '}' [D:\Development\ionwc\map\node_modules\uws\build\binding.sln]
d:\development\ionwc\map\node_modules\uws\src\Libuv.h(168): error C2227: left of '->data' must point to class/struct/union/generic type [D:\Development\ionwc\map\node_modules\uws\build\binding.sln]
d:\development\ionwc\map\node_modules\uws\src\Libuv.h(173): error C2059: syntax error : '}' [D:\Development\ionwc\map\node_modules\uws\build\binding.sln]
d:\development\ionwc\map\node_modules\uws\src\Libuv.h(150): error C3861: 'start': identifier not found [D:\Development\ionwc\map\node_modules\uws\build\binding.sln]
d:\development\ionwc\map\node_modules\uws\src\Libuv.h(107): error C2238: unexpected token(s) preceding ';' [D:\Development\ionwc\map\node_modules\uws\build\binding.sln]
d:\development\ionwc\map\node_modules\uws\src\Libuv.h(173): error C2143: syntax error : missing ';' before '}' [D:\Development\ionwc\map\node_modules\uws\build\binding.sln]
d:\development\ionwc\map\node_modules\uws\src\Libuv.h(171): error C2059: syntax error : ')' [D:\Development\ionwc\map\node_modules\uws\build\binding.sln]
d:\development\ionwc\map\node_modules\uws\src\Libuv.h(146): error C2958: the left parenthesis '(' found at 'd:\development\ionwc\map\node_modules\uws\src\libuv.h(143)' was not matched correctly [D:\Development\ionwc\map\node_modules\uws\build\binding.sln]
d:\development\ionwc\map\node_modules\uws\src\Libuv.h(173): error C2059: syntax error : '}' [D:\Development\ionwc\map\node_modules\uws\build\binding.sln]
d:\development\ionwc\map\node_modules\uws\src\Libuv.h(143): error C2059: syntax error : '[' [D:\Development\ionwc\map\node_modules\uws\build\binding.sln]
d:\development\ionwc\map\node_modules\uws\src\Libuv.h(173): error C2059: syntax error : '}' [D:\Development\ionwc\map\node_modules\uws\build\binding.sln]
d:\development\ionwc\map\node_modules\uws\src\Libuv.h(146): error C2059: syntax error : ')' [D:\Development\ionwc\map\node_modules\uws\build\binding.sln]
d:\development\ionwc\map\node_modules\uws\src\Libuv.h(143): error C2143: syntax error : missing ')' before '{' [D:\Development\ionwc\map\node_modules\uws\build\binding.sln]
d:\development\ionwc\map\node_modules\uws\src\Libuv.h(173): error C2143: syntax error : missing ';' before '}' [D:\Development\ionwc\map\node_modules\uws\build\binding.sln]
d:\development\ionwc\map\node_modules\uws\src\Libuv.h(149): error C2628: 'Poll' followed by 'void' is illegal (did you forget a ';'?) [D:\Development\ionwc\map\node_modules\uws\build\binding.sln]
d:\development\ionwc\map\node_modules\uws\src\Libuv.h(143): error C2143: syntax error : missing ';' before '{' [D:\Development\ionwc\map\node_modules\uws\build\binding.sln]
d:\development\ionwc\map\node_modules\uws\src\Libuv.h(173): error C2059: syntax error : '}' [D:\Development\ionwc\map\node_modules\uws\build\binding.sln]
d:\development\ionwc\map\node_modules\uws\src\Libuv.h(150): error C2065: 'nullptr' : undeclared identifier [D:\Development\ionwc\map\node_modules\uws\build\binding.sln]
d:\development\ionwc\map\node_modules\uws\src\Libuv.h(144): error C2065: 'p' : undeclared identifier [D:\Development\ionwc\map\node_modules\uws\build\binding.sln]
d:\development\ionwc\map\node_modules\uws\src\Libuv.h(150): error C3861: 'start': identifier not found [D:\Development\ionwc\map\node_modules\uws\build\binding.sln]
d:\development\ionwc\map\node_modules\uws\src\Libuv.h(144): error C2227: left of '->data' must point to class/struct/union/generic type [D:\Development\ionwc\map\node_modules\uws\build\binding.sln]
d:\development\ionwc\map\node_modules\uws\src\Libuv.h(145): error C2065: 'status' : undeclared identifier [D:\Development\ionwc\map\node_modules\uws\build\binding.sln]
d:\development\ionwc\map\node_modules\uws\src\Libuv.h(154): error C2065: 'uv_poll' : undeclared identifier [D:\Development\ionwc\map\node_modules\uws\build\binding.sln]
d:\development\ionwc\map\node_modules\uws\src\Libuv.h(143): error C2059: syntax error : '[' [D:\Development\ionwc\map\node_modules\uws\build\binding.sln]
d:\development\ionwc\map\node_modules\uws\src\Libuv.h(143): error C2143: syntax error : missing ')' before '{' [D:\Development\ionwc\map\node_modules\uws\build\binding.sln]
d:\development\ionwc\map\node_modules\uws\src\Libuv.h(166): error C2673: 'close' : global functions do not have 'this' pointers [D:\Development\ionwc\map\node_modules\uws\build\binding.sln]
d:\development\ionwc\map\node_modules\uws\src\Libuv.h(143): error C2143: syntax error : missing ';' before '{' [D:\Development\ionwc\map\node_modules\uws\build\binding.sln]
d:\development\ionwc\map\node_modules\uws\src\Libuv.h(166): error C2227: left of '->cb' must point to class/struct/union/generic type [D:\Development\ionwc\map\node_modules\uws\build\binding.sln]
d:\development\ionwc\map\node_modules\uws\src\Libuv.h(144): error C2065: 'p' : undeclared identifier [D:\Development\ionwc\map\node_modules\uws\build\binding.sln]
d:\development\ionwc\map\node_modules\uws\src\Libuv.h(167): error C2065: 'uv_poll' : undeclared identifier [D:\Development\ionwc\map\node_modules\uws\build\binding.sln]
d:\development\ionwc\map\node_modules\uws\src\Libuv.h(144): error C2227: left of '->data' must point to class/struct/union/generic type [D:\Development\ionwc\map\node_modules\uws\build\binding.sln]
d:\development\ionwc\map\node_modules\uws\src\Libuv.h(167): error C2059: syntax error : '[' [D:\Development\ionwc\map\node_modules\uws\build\binding.sln]
d:\development\ionwc\map\node_modules\uws\src\Libuv.h(145): error C2065: 'status' : undeclared identifier [D:\Development\ionwc\map\node_modules\uws\build\binding.sln]
d:\development\ionwc\map\node_modules\uws\src\Libuv.h(167): error C2143: syntax error : missing ')' before '{' [D:\Development\ionwc\map\node_modules\uws\build\binding.sln]
d:\development\ionwc\map\node_modules\uws\src\Libuv.h(154): error C2065: 'uv_poll' : undeclared identifier [D:\Development\ionwc\map\node_modules\uws\build\binding.sln]
d:\development\ionwc\map\node_modules\uws\src\Libuv.h(167): error C2143: syntax error : missing ';' before '{' [D:\Development\ionwc\map\node_modules\uws\build\binding.sln]
d:\development\ionwc\map\node_modules\uws\src\Libuv.h(168): error C2065: 'p' : undeclared identifier [D:\Development\ionwc\map\node_modules\uws\build\binding.sln]
d:\development\ionwc\map\node_modules\uws\src\Libuv.h(168): error C2227: left of '->data' must point to class/struct/union/generic type [D:\Development\ionwc\map\node_modules\uws\build\binding.sln]
d:\development\ionwc\map\node_modules\uws\src\Libuv.h(166): error C2673: 'close' : global functions do not have 'this' pointers [D:\Development\ionwc\map\node_modules\uws\build\binding.sln]
d:\development\ionwc\map\node_modules\uws\src\Libuv.h(166): error C2227: left of '->cb' must point to class/struct/union/generic type [D:\Development\ionwc\map\node_modules\uws\build\binding.sln]
d:\development\ionwc\map\node_modules\uws\src\Libuv.h(171): error C2059: syntax error : ')' [D:\Development\ionwc\map\node_modules\uws\build\binding.sln]
d:\development\ionwc\map\node_modules\uws\src\Libuv.h(167): error C2065: 'uv_poll' : undeclared identifier [D:\Development\ionwc\map\node_modules\uws\build\binding.sln]
d:\development\ionwc\map\node_modules\uws\src\Libuv.h(173): error C2059: syntax error : '}' [D:\Development\ionwc\map\node_modules\uws\build\binding.sln]
d:\development\ionwc\map\node_modules\uws\src\Libuv.h(167): error C2059: syntax error : '[' [D:\Development\ionwc\map\node_modules\uws\build\binding.sln]
d:\development\ionwc\map\node_modules\uws\src\Libuv.h(173): error C2143: syntax error : missing ';' before '}' [D:\Development\ionwc\map\node_modules\uws\build\binding.sln]
d:\development\ionwc\map\node_modules\uws\src\Libuv.h(167): error C2143: syntax error : missing ')' before '{' [D:\Development\ionwc\map\node_modules\uws\build\binding.sln]
d:\development\ionwc\map\node_modules\uws\src\Libuv.h(173): error C2059: syntax error : '}' [D:\Development\ionwc\map\node_modules\uws\build\binding.sln]
d:\development\ionwc\map\node_modules\uws\src\Libuv.h(167): error C2143: syntax error : missing ';' before '{' [D:\Development\ionwc\map\node_modules\uws\build\binding.sln]
d:\development\ionwc\map\node_modules\uws\src\Libuv.h(168): error C2065: 'p' : undeclared identifier [D:\Development\ionwc\map\node_modules\uws\build\binding.sln]
d:\development\ionwc\map\node_modules\uws\src\Libuv.h(168): error C2227: left of '->data' must point to class/struct/union/generic type [D:\Development\ionwc\map\node_modules\uws\build\binding.sln]
d:\development\ionwc\map\node_modules\uws\src\Libuv.h(171): error C2059: syntax error : ')' [D:\Development\ionwc\map\node_modules\uws\build\binding.sln]
d:\development\ionwc\map\node_modules\uws\src\Libuv.h(173): error C2059: syntax error : '}' [D:\Development\ionwc\map\node_modules\uws\build\binding.sln]
d:\development\ionwc\map\node_modules\uws\src\Libuv.h(173): error C2143: syntax error : missing ';' before '}' [D:\Development\ionwc\map\node_modules\uws\build\binding.sln]
d:\development\ionwc\map\node_modules\uws\src\Libuv.h(173): error C2059: syntax error : '}' [D:\Development\ionwc\map\node_modules\uws\build\binding.sln]
d:\development\ionwc\map\node_modules\uws\src\Libuv.h(5): error C4430: missing type specifier - int assumed. Note: C++ does not support default-int [D:\Development\ionwc\map\node_modules\uws\build\binding.sln]
d:\development\ionwc\map\node_modules\uws\src\Libuv.h(5): error C2078: too many initializers [D:\Development\ionwc\map\node_modules\uws\build\binding.sln]
d:\development\ionwc\map\node_modules\uws\src\Libuv.h(5): error C2440: 'initializing' : cannot convert from 'const char [36]' to 'int' [D:\Development\ionwc\map\node_modules\uws\build\binding.sln]
d:\development\ionwc\map\node_modules\uws\src\Libuv.h(45): error C2958: the left parenthesis '(' found at 'd:\development\ionwc\map\node_modules\uws\src\libuv.h(43)' was not matched correctly [D:\Development\ionwc\map\node_modules\uws\build\binding.sln]
d:\development\ionwc\map\node_modules\uws\src\Libuv.h(45): error C2059: syntax error : ')' [D:\Development\ionwc\map\node_modules\uws\build\binding.sln]
d:\development\ionwc\map\node_modules\uws\src\Libuv.h(48): error C2628: 'Async' followed by 'void' is illegal (did you forget a ';'?) [D:\Development\ionwc\map\node_modules\uws\build\binding.sln]
d:\development\ionwc\map\node_modules\uws\src\Libuv.h(49): error C2065: 'uv_async' : undeclared identifier [D:\Development\ionwc\map\node_modules\uws\build\binding.sln]
d:\development\ionwc\map\node_modules\uws\src\Libuv.h(49): error C2228: left of '.data' must have class/struct/union [D:\Development\ionwc\map\node_modules\uws\build\binding.sln]
d:\development\ionwc\map\node_modules\uws\src\Libuv.h(43): error C2059: syntax error : '[' [D:\Development\ionwc\map\node_modules\uws\build\binding.sln]
d:\development\ionwc\map\node_modules\uws\src\Libuv.h(43): error C2143: syntax error : missing ')' before '{' [D:\Development\ionwc\map\node_modules\uws\build\binding.sln]
d:\development\ionwc\map\node_modules\uws\src\Libuv.h(43): error C2143: syntax error : missing ';' before '{' [D:\Development\ionwc\map\node_modules\uws\build\binding.sln]
d:\development\ionwc\map\node_modules\uws\src\Libuv.h(44): error C2065: 'a' : undeclared identifier [D:\Development\ionwc\map\node_modules\uws\build\binding.sln]
d:\development\ionwc\map\node_modules\uws\src\Libuv.h(44): error C2541: 'delete' : cannot delete objects that are not pointers [D:\Development\ionwc\map\node_modules\uws\build\binding.sln]
d:\development\ionwc\map\node_modules\uws\src\Libuv.h(53): error C2065: 'uv_async' : undeclared identifier [D:\Development\ionwc\map\node_modules\uws\build\binding.sln]
d:\development\ionwc\map\node_modules\uws\src\Libuv.h(53): error C2228: left of '.data' must have class/struct/union [D:\Development\ionwc\map\node_modules\uws\build\binding.sln]
d:\development\ionwc\map\node_modules\uws\src\Libuv.h(55): error C2059: syntax error : '}' [D:\Development\ionwc\map\node_modules\uws\build\binding.sln]
d:\development\ionwc\map\node_modules\uws\src\Libuv.h(55): error C2143: syntax error : missing ';' before '}' [D:\Development\ionwc\map\node_modules\uws\build\binding.sln]
d:\development\ionwc\map\node_modules\uws\src\Libuv.h(55): error C2059: syntax error : '}' [D:\Development\ionwc\map\node_modules\uws\build\binding.sln]
d:\development\ionwc\map\node_modules\uws\src\Libuv.h(83): error C2958: the left parenthesis '(' found at 'd:\development\ionwc\map\node_modules\uws\src\libuv.h(81)' was not matched correctly [D:\Development\ionwc\map\node_modules\uws\build\binding.sln]
d:\development\ionwc\map\node_modules\uws\src\Libuv.h(83): error C2059: syntax error : ')' [D:\Development\ionwc\map\node_modules\uws\build\binding.sln]
d:\development\ionwc\map\node_modules\uws\src\Libuv.h(86): error C2059: syntax error : 'private' [D:\Development\ionwc\map\node_modules\uws\build\binding.sln]
d:\development\ionwc\map\node_modules\uws\src\Libuv.h(86): error C2143: syntax error : missing ';' before ':' [D:\Development\ionwc\map\node_modules\uws\build\binding.sln]
d:\development\ionwc\map\node_modules\uws\src\Libuv.h(86): error C2059: syntax error : ':' [D:\Development\ionwc\map\node_modules\uws\build\binding.sln]
d:\development\ionwc\map\node_modules\uws\src\Libuv.h(81): error C2059: syntax error : '[' [D:\Development\ionwc\map\node_modules\uws\build\binding.sln]
d:\development\ionwc\map\node_modules\uws\src\Libuv.h(81): error C2143: syntax error : missing ')' before '{' [D:\Development\ionwc\map\node_modules\uws\build\binding.sln]
d:\development\ionwc\map\node_modules\uws\src\Libuv.h(81): error C2143: syntax error : missing ';' before '{' [D:\Development\ionwc\map\node_modules\uws\build\binding.sln]
d:\development\ionwc\map\node_modules\uws\src\Libuv.h(82): error C2065: 't' : undeclared identifier [D:\Development\ionwc\map\node_modules\uws\build\binding.sln]
d:\development\ionwc\map\node_modules\uws\src\Libuv.h(82): error C2541: 'delete' : cannot delete objects that are not pointers [D:\Development\ionwc\map\node_modules\uws\build\binding.sln]
d:\development\ionwc\map\node_modules\uws\src\Libuv.h(87): error C2588: '::~Timer' : illegal global destructor [D:\Development\ionwc\map\node_modules\uws\build\binding.sln]
d:\development\ionwc\map\node_modules\uws\src\Libuv.h(87): error C4430: missing type specifier - int assumed. Note: C++ does not support default-int [D:\Development\ionwc\map\node_modules\uws\build\binding.sln]
d:\development\ionwc\map\node_modules\uws\src\Libuv.h(89): warning C4508: 'Timer' : function should return a value; 'void' return type assumed [D:\Development\ionwc\map\node_modules\uws\build\binding.sln]
d:\development\ionwc\map\node_modules\uws\src\Libuv.h(90): error C2059: syntax error : '}' [D:\Development\ionwc\map\node_modules\uws\build\binding.sln]
d:\development\ionwc\map\node_modules\uws\src\Libuv.h(90): error C2143: syntax error : missing ';' before '}' [D:\Development\ionwc\map\node_modules\uws\build\binding.sln]
d:\development\ionwc\map\node_modules\uws\src\Libuv.h(90): error C2059: syntax error : '}' [D:\Development\ionwc\map\node_modules\uws\build\binding.sln]
d:\development\ionwc\map\node_modules\uws\src\Libuv.h(101): error C2143: syntax error : missing ')' before '&&' [D:\Development\ionwc\map\node_modules\uws\build\binding.sln]
d:\development\ionwc\map\node_modules\uws\src\Libuv.h(101): error C2143: syntax error : missing ';' before '&&' [D:\Development\ionwc\map\node_modules\uws\build\binding.sln]
d:\development\ionwc\map\node_modules\uws\src\Libuv.h(101): error C2652: 'Poll' : illegal copy constructor: first parameter must not be a 'Poll' [D:\Development\ionwc\map\node_modules\uws\build\binding.sln]
d:\development\ionwc\map\node_modules\uws\src\Libuv.h(101): error C2059: syntax error : ')' [D:\Development\ionwc\map\node_modules\uws\build\binding.sln]
d:\development\ionwc\map\node_modules\uws\src\Libuv.h(101): error C2334: unexpected token(s) preceding '{'; skipping apparent function body [D:\Development\ionwc\map\node_modules\uws\build\binding.sln]
d:\development\ionwc\map\node_modules\uws\src\Libuv.h(107): error C2059: syntax error : ';' [D:\Development\ionwc\map\node_modules\uws\build\binding.sln]
d:\development\ionwc\map\node_modules\uws\src\Libuv.h(107): error C2238: unexpected token(s) preceding ';' [D:\Development\ionwc\map\node_modules\uws\build\binding.sln]
d:\development\ionwc\map\node_modules\uws\src\Libuv.h(146): error C2958: the left parenthesis '(' found at 'd:\development\ionwc\map\node_modules\uws\src\libuv.h(143)' was not matched correctly [D:\Development\ionwc\map\node_modules\uws\build\binding.sln]
d:\development\ionwc\map\node_modules\uws\src\Libuv.h(146): error C2059: syntax error : ')' [D:\Development\ionwc\map\node_modules\uws\build\binding.sln]
d:\development\ionwc\map\node_modules\uws\src\Libuv.h(149): error C2628: 'Poll' followed by 'void' is illegal (did you forget a ';'?) [D:\Development\ionwc\map\node_modules\uws\build\binding.sln]
d:\development\ionwc\map\node_modules\uws\src\Libuv.h(150): error C2065: 'nullptr' : undeclared identifier [D:\Development\ionwc\map\node_modules\uws\build\binding.sln]
d:\development\ionwc\map\node_modules\uws\src\Libuv.h(150): error C3861: 'start': identifier not found [D:\Development\ionwc\map\node_modules\uws\build\binding.sln]
d:\development\ionwc\map\node_modules\uws\src\Libuv.h(143): error C2059: syntax error : '[' [D:\Development\ionwc\map\node_modules\uws\build\binding.sln]
d:\development\ionwc\map\node_modules\uws\src\Libuv.h(143): error C2143: syntax error : missing ')' before '{' [D:\Development\ionwc\map\node_modules\uws\build\binding.sln]
d:\development\ionwc\map\node_modules\uws\src\Libuv.h(143): error C2143: syntax error : missing ';' before '{' [D:\Development\ionwc\map\node_modules\uws\build\binding.sln]
d:\development\ionwc\map\node_modules\uws\src\Libuv.h(144): error C2065: 'p' : undeclared identifier [D:\Development\ionwc\map\node_modules\uws\build\binding.sln]
d:\development\ionwc\map\node_modules\uws\src\Libuv.h(144): error C2227: left of '->data' must point to class/struct/union/generic type [D:\Development\ionwc\map\node_modules\uws\build\binding.sln]
d:\development\ionwc\map\node_modules\uws\src\Libuv.h(145): error C2065: 'status' : undeclared identifier [D:\Development\ionwc\map\node_modules\uws\build\binding.sln]
d:\development\ionwc\map\node_modules\uws\src\Libuv.h(154): error C2065: 'uv_poll' : undeclared identifier [D:\Development\ionwc\map\node_modules\uws\build\binding.sln]
d:\development\ionwc\map\node_modules\uws\src\Libuv.h(166): error C2673: 'close' : global functions do not have 'this' pointers [D:\Development\ionwc\map\node_modules\uws\build\binding.sln]
d:\development\ionwc\map\node_modules\uws\src\Libuv.h(166): error C2227: left of '->cb' must point to class/struct/union/generic type [D:\Development\ionwc\map\node_modules\uws\build\binding.sln]
d:\development\ionwc\map\node_modules\uws\src\Libuv.h(167): error C2065: 'uv_poll' : undeclared identifier [D:\Development\ionwc\map\node_modules\uws\build\binding.sln]
d:\development\ionwc\map\node_modules\uws\src\Libuv.h(167): error C2059: syntax error : '[' [D:\Development\ionwc\map\node_modules\uws\build\binding.sln]
d:\development\ionwc\map\node_modules\uws\src\Libuv.h(167): error C2143: syntax error : missing ')' before '{' [D:\Development\ionwc\map\node_modules\uws\build\binding.sln]
d:\development\ionwc\map\node_modules\uws\src\Libuv.h(167): error C2143: syntax error : missing ';' before '{' [D:\Development\ionwc\map\node_modules\uws\build\binding.sln]
d:\development\ionwc\map\node_modules\uws\src\Libuv.h(168): error C2065: 'p' : undeclared identifier [D:\Development\ionwc\map\node_modules\uws\build\binding.sln]
d:\development\ionwc\map\node_modules\uws\src\Libuv.h(168): error C2227: left of '->data' must point to class/struct/union/generic type [D:\Development\ionwc\map\node_modules\uws\build\binding.sln]
d:\development\ionwc\map\node_modules\uws\src\Libuv.h(171): error C2059: syntax error : ')' [D:\Development\ionwc\map\node_modules\uws\build\binding.sln]
d:\development\ionwc\map\node_modules\uws\src\Libuv.h(173): error C2059: syntax error : '}' [D:\Development\ionwc\map\node_modules\uws\build\binding.sln]
d:\development\ionwc\map\node_modules\uws\src\Libuv.h(173): error C2143: syntax error : missing ';' before '}' [D:\Development\ionwc\map\node_modules\uws\build\binding.sln]
d:\development\ionwc\map\node_modules\uws\src\Libuv.h(173): error C2059: syntax error : '}' [D:\Development\ionwc\map\node_modules\uws\build\binding.sln]
d:\development\ionwc\map\node_modules\uws\src\Networking.h(74): fatal error C1083: Cannot open include file: 'mutex': No such file or directory [D:\Development\ionwc\map\node_modules\uws\build\binding.sln]
d:\development\ionwc\map\node_modules\uws\src\Networking.h(74): fatal error C1083: Cannot open include file: 'mutex': No such file or directory [D:\Development\ionwc\map\node_modules\uws\build\binding.sln]
d:\development\ionwc\map\node_modules\uws\src\Networking.h(74): fatal error C1083: Cannot open include file: 'mutex': No such file or directory [D:\Development\ionwc\map\node_modules\uws\build\binding.sln]
d:\development\ionwc\map\node_modules\uws\src\Networking.h(74): fatal error C1083: Cannot open include file: 'mutex': No such file or directory [D:\Development\ionwc\map\node_modules\uws\build\binding.sln]
d:\development\ionwc\map\node_modules\uws\src\Networking.h(74): fatal error C1083: Cannot open include file: 'mutex': No such file or directory [D:\Development\ionwc\map\node_modules\uws\build\binding.sln]
d:\development\ionwc\map\node_modules\uws\src\Networking.h(74): fatal error C1083: Cannot open include file: 'mutex': No such file or directory [D:\Development\ionwc\map\node_modules\uws\build\binding.sln]
d:\development\ionwc\map\node_modules\uws\src\Networking.h(74): fatal error C1083: Cannot open include file: 'mutex': No such file or directory [D:\Development\ionwc\map\node_modules\uws\build\binding.sln]
d:\development\ionwc\map\node_modules\uws\src\Networking.h(74): fatal error C1083: Cannot open include file: 'mutex': No such file or directory [D:\Development\ionwc\map\node_modules\uws\build\binding.sln]
..\src\Extensions.cpp(15): error C2065: 'nullptr' : undeclared identifier [D:\Development\ionwc\map\node_modules\uws\build\binding.sln]
..\src\Extensions.cpp(15): error C2864: 'uWS::ExtensionsParser::lastInteger' : only static const integral data members can be initialized within a class [D:\Development\ionwc\map\node_modules\uws\build\binding.sln]
..\src\Extensions.cpp(18): error C2864: 'uWS::ExtensionsParser::perMessageDeflate' : only static const integral data members can be initialized within a class [D:\Development\ionwc\map\node_modules\uws\build\binding.sln]
..\src\Extensions.cpp(19): error C2864: 'uWS::ExtensionsParser::serverNoContextTakeover' : only static const integral data members can be initialized within a class [D:\Development\ionwc\map\node_modules\uws\build\binding.sln]
..\src\Extensions.cpp(20): error C2864: 'uWS::ExtensionsParser::clientNoContextTakeover' : only static const integral data members can be initialized within a class [D:\Development\ionwc\map\node_modules\uws\build\binding.sln]
..\src\Extensions.cpp(21): error C2864: 'uWS::ExtensionsParser::serverMaxWindowBits' : only static const integral data members can be initialized within a class [D:\Development\ionwc\map\node_modules\uws\build\binding.sln]
..\src\Extensions.cpp(22): error C2864: 'uWS::ExtensionsParser::clientMaxWindowBits' : only static const integral data members can be initialized within a class [D:\Development\ionwc\map\node_modules\uws\build\binding.sln]
gyp ERR! build error 
gyp ERR! stack Error: `C:\Windows\Microsoft.NET\Framework\v4.0.30319\msbuild.exe` failed with exit code: 1
gyp ERR! stack     at ChildProcess.onExit (C:\Program Files\nodejs\node_modules\npm\node_modules\node-gyp\lib\build.js:258:23)
gyp ERR! stack     at emitTwo (events.js:126:13)
gyp ERR! stack     at ChildProcess.emit (events.js:214:7)
gyp ERR! stack     at Process.ChildProcess._handle.onexit (internal/child_process.js:198:12)
gyp ERR! System Windows_NT 10.0.16299
gyp ERR! command "C:\\Program Files\\nodejs\\node.exe" "C:\\Program Files\\nodejs\\node_modules\\npm\\node_modules\\node-gyp\\bin\\node-gyp.js" "rebuild"
gyp ERR! cwd D:\Development\ionwc\map\node_modules\uws
gyp ERR! node -v v8.9.4
gyp ERR! node-gyp -v v3.6.2
gyp ERR! not ok 
